timestamp=2026-04-01 08:25:00 index=email sender=it-support@secure-login.com recipient=alice attachment=reset.docm
timestamp=2026-04-01 08:25:05 index=email sender=it-support@secure-login.com recipient=alice attachment=reset.docm
timestamp=2026-04-01 08:25:10 index=email sender=it-support@secure-login.com recipient=bob attachment=reset.docm
timestamp=2026-04-01 08:25:15 index=email sender=it-support@secure-login.com recipient=john.doe attachment=reset.docm
timestamp=2026-04-01 08:25:20 index=email sender=it-support@secure-login.com recipient=john.doe attachment=reset.docm
timestamp=2026-04-01 08:25:25 index=email sender=it-support@secure-login.com recipient=emma attachment=reset.docm
timestamp=2026-04-01 08:25:30 index=email sender=it-support@secure-login.com recipient=emma attachment=reset.docm
timestamp=2026-04-01 08:25:35 index=email sender=it-support@secure-login.com recipient=john.doe attachment=reset.docm
timestamp=2026-04-01 08:25:40 index=email sender=it-support@secure-login.com recipient=david attachment=reset.docm
timestamp=2026-04-01 08:25:45 index=email sender=it-support@secure-login.com recipient=bob attachment=reset.docm
timestamp=2026-04-01 08:25:50 index=email sender=it-support@secure-login.com recipient=john.doe attachment=reset.docm
timestamp=2026-04-01 08:25:55 index=email sender=it-support@secure-login.com recipient=john.doe attachment=reset.docm
timestamp=2026-04-01 08:26:00 index=email sender=it-support@secure-login.com recipient=bob attachment=reset.docm
timestamp=2026-04-01 08:26:05 index=email sender=it-support@secure-login.com recipient=david attachment=reset.docm
timestamp=2026-04-01 08:26:10 index=email sender=it-support@secure-login.com recipient=emma attachment=reset.docm
timestamp=2026-04-01 08:26:15 index=email sender=it-support@secure-login.com recipient=john.doe attachment=reset.docm
timestamp=2026-04-01 08:26:20 index=email sender=it-support@secure-login.com recipient=john.doe attachment=reset.docm
timestamp=2026-04-01 08:26:25 index=email sender=it-support@secure-login.com recipient=david attachment=reset.docm
timestamp=2026-04-01 08:26:30 index=email sender=it-support@secure-login.com recipient=john.doe attachment=reset.docm
timestamp=2026-04-01 08:26:35 index=email sender=it-support@secure-login.com recipient=david attachment=reset.docm
timestamp=2026-04-01 08:26:40 index=email sender=it-support@secure-login.com recipient=emma attachment=reset.docm
timestamp=2026-04-01 08:26:45 index=email sender=it-support@secure-login.com recipient=john.doe attachment=reset.docm
timestamp=2026-04-01 08:26:50 index=email sender=it-support@secure-login.com recipient=emma attachment=reset.docm
timestamp=2026-04-01 08:26:55 index=email sender=it-support@secure-login.com recipient=emma attachment=reset.docm
timestamp=2026-04-01 08:27:00 index=email sender=it-support@secure-login.com recipient=david attachment=reset.docm
timestamp=2026-04-01 08:27:05 index=email sender=it-support@secure-login.com recipient=david attachment=reset.docm
timestamp=2026-04-01 08:27:10 index=email sender=it-support@secure-login.com recipient=david attachment=reset.docm
timestamp=2026-04-01 08:27:15 index=email sender=it-support@secure-login.com recipient=emma attachment=reset.docm
timestamp=2026-04-01 08:27:20 index=email sender=it-support@secure-login.com recipient=emma attachment=reset.docm
timestamp=2026-04-01 08:27:25 index=email sender=it-support@secure-login.com recipient=alice attachment=reset.docm
timestamp=2026-04-01 08:27:30 index=email sender=it-support@secure-login.com recipient=alice attachment=reset.docm
timestamp=2026-04-01 08:27:35 index=email sender=it-support@secure-login.com recipient=bob attachment=reset.docm
timestamp=2026-04-01 08:27:40 index=email sender=it-support@secure-login.com recipient=emma attachment=reset.docm
timestamp=2026-04-01 08:27:45 index=email sender=it-support@secure-login.com recipient=david attachment=reset.docm
timestamp=2026-04-01 08:27:50 index=email sender=it-support@secure-login.com recipient=emma attachment=reset.docm
timestamp=2026-04-01 08:27:55 index=email sender=it-support@secure-login.com recipient=emma attachment=reset.docm
timestamp=2026-04-01 08:28:00 index=email sender=it-support@secure-login.com recipient=john.doe attachment=reset.docm
timestamp=2026-04-01 08:28:05 index=email sender=it-support@secure-login.com recipient=david attachment=reset.docm
timestamp=2026-04-01 08:28:10 index=email sender=it-support@secure-login.com recipient=david attachment=reset.docm
timestamp=2026-04-01 08:28:15 index=email sender=it-support@secure-login.com recipient=david attachment=reset.docm
timestamp=2026-04-01 08:28:20 index=email sender=it-support@secure-login.com recipient=bob attachment=reset.docm
timestamp=2026-04-01 08:28:25 index=email sender=it-support@secure-login.com recipient=bob attachment=reset.docm
timestamp=2026-04-01 08:28:30 index=email sender=it-support@secure-login.com recipient=bob attachment=reset.docm
timestamp=2026-04-01 08:28:35 index=email sender=it-support@secure-login.com recipient=alice attachment=reset.docm
timestamp=2026-04-01 08:28:40 index=email sender=it-support@secure-login.com recipient=john.doe attachment=reset.docm
timestamp=2026-04-01 08:28:45 index=email sender=it-support@secure-login.com recipient=john.doe attachment=reset.docm
timestamp=2026-04-01 08:28:50 index=email sender=it-support@secure-login.com recipient=david attachment=reset.docm
timestamp=2026-04-01 08:28:55 index=email sender=it-support@secure-login.com recipient=alice attachment=reset.docm
timestamp=2026-04-01 08:29:00 index=email sender=it-support@secure-login.com recipient=emma attachment=reset.docm
timestamp=2026-04-01 08:29:05 index=email sender=it-support@secure-login.com recipient=john.doe attachment=reset.docm
timestamp=2026-04-01 08:29:10 index=email sender=it-support@secure-login.com recipient=emma attachment=reset.docm
timestamp=2026-04-01 08:29:15 index=email sender=it-support@secure-login.com recipient=bob attachment=reset.docm
timestamp=2026-04-01 08:29:20 index=email sender=it-support@secure-login.com recipient=emma attachment=reset.docm
timestamp=2026-04-01 08:29:25 index=email sender=it-support@secure-login.com recipient=bob attachment=reset.docm
timestamp=2026-04-01 08:29:30 index=email sender=it-support@secure-login.com recipient=alice attachment=reset.docm
timestamp=2026-04-01 08:29:35 index=email sender=it-support@secure-login.com recipient=alice attachment=reset.docm
timestamp=2026-04-01 08:29:40 index=email sender=it-support@secure-login.com recipient=emma attachment=reset.docm
timestamp=2026-04-01 08:29:45 index=email sender=it-support@secure-login.com recipient=david attachment=reset.docm
timestamp=2026-04-01 08:29:50 index=email sender=it-support@secure-login.com recipient=john.doe attachment=reset.docm
timestamp=2026-04-01 08:29:55 index=email sender=it-support@secure-login.com recipient=john.doe attachment=reset.docm
timestamp=2026-04-01 08:30:00 index=email sender=it-support@secure-login.com recipient=david attachment=reset.docm
timestamp=2026-04-01 08:30:05 index=email sender=it-support@secure-login.com recipient=alice attachment=reset.docm
timestamp=2026-04-01 08:30:10 index=email sender=it-support@secure-login.com recipient=alice attachment=reset.docm
timestamp=2026-04-01 08:30:15 index=email sender=it-support@secure-login.com recipient=john.doe attachment=reset.docm
timestamp=2026-04-01 08:30:20 index=email sender=it-support@secure-login.com recipient=alice attachment=reset.docm
timestamp=2026-04-01 08:30:25 index=email sender=it-support@secure-login.com recipient=alice attachment=reset.docm
timestamp=2026-04-01 08:30:30 index=email sender=it-support@secure-login.com recipient=emma attachment=reset.docm
timestamp=2026-04-01 08:30:35 index=email sender=it-support@secure-login.com recipient=john.doe attachment=reset.docm
timestamp=2026-04-01 08:30:40 index=email sender=it-support@secure-login.com recipient=alice attachment=reset.docm
timestamp=2026-04-01 08:30:45 index=email sender=it-support@secure-login.com recipient=david attachment=reset.docm
timestamp=2026-04-01 08:30:50 index=email sender=it-support@secure-login.com recipient=david attachment=reset.docm
timestamp=2026-04-01 08:30:55 index=email sender=it-support@secure-login.com recipient=emma attachment=reset.docm
timestamp=2026-04-01 08:31:00 index=email sender=it-support@secure-login.com recipient=emma attachment=reset.docm
timestamp=2026-04-01 08:31:05 index=email sender=it-support@secure-login.com recipient=emma attachment=reset.docm
timestamp=2026-04-01 08:31:10 index=email sender=it-support@secure-login.com recipient=john.doe attachment=reset.docm
timestamp=2026-04-01 08:31:15 index=email sender=it-support@secure-login.com recipient=alice attachment=reset.docm
timestamp=2026-04-01 08:31:20 index=email sender=it-support@secure-login.com recipient=john.doe attachment=reset.docm
timestamp=2026-04-01 08:31:25 index=email sender=it-support@secure-login.com recipient=bob attachment=reset.docm
timestamp=2026-04-01 08:31:30 index=email sender=it-support@secure-login.com recipient=john.doe attachment=reset.docm
timestamp=2026-04-01 08:31:35 index=email sender=it-support@secure-login.com recipient=alice attachment=reset.docm
timestamp=2026-04-01 08:31:40 index=email sender=it-support@secure-login.com recipient=emma attachment=reset.docm
timestamp=2026-04-01 08:31:45 index=email sender=it-support@secure-login.com recipient=john.doe attachment=reset.docm
timestamp=2026-04-01 08:31:50 index=email sender=it-support@secure-login.com recipient=alice attachment=reset.docm
timestamp=2026-04-01 08:31:55 index=email sender=it-support@secure-login.com recipient=alice attachment=reset.docm
timestamp=2026-04-01 08:32:00 index=email sender=it-support@secure-login.com recipient=john.doe attachment=reset.docm
timestamp=2026-04-01 08:32:05 index=email sender=it-support@secure-login.com recipient=bob attachment=reset.docm
timestamp=2026-04-01 08:32:10 index=email sender=it-support@secure-login.com recipient=david attachment=reset.docm
timestamp=2026-04-01 08:32:15 index=email sender=it-support@secure-login.com recipient=emma attachment=reset.docm
timestamp=2026-04-01 08:32:20 index=email sender=it-support@secure-login.com recipient=john.doe attachment=reset.docm
timestamp=2026-04-01 08:32:25 index=email sender=it-support@secure-login.com recipient=john.doe attachment=reset.docm
timestamp=2026-04-01 08:32:30 index=email sender=it-support@secure-login.com recipient=alice attachment=reset.docm
timestamp=2026-04-01 08:32:35 index=email sender=it-support@secure-login.com recipient=david attachment=reset.docm
timestamp=2026-04-01 08:32:40 index=email sender=it-support@secure-login.com recipient=john.doe attachment=reset.docm
timestamp=2026-04-01 08:32:45 index=email sender=it-support@secure-login.com recipient=john.doe attachment=reset.docm
timestamp=2026-04-01 08:32:50 index=email sender=it-support@secure-login.com recipient=david attachment=reset.docm
timestamp=2026-04-01 08:32:55 index=email sender=it-support@secure-login.com recipient=emma attachment=reset.docm
timestamp=2026-04-01 08:33:00 index=email sender=it-support@secure-login.com recipient=emma attachment=reset.docm
timestamp=2026-04-01 08:33:05 index=email sender=it-support@secure-login.com recipient=bob attachment=reset.docm
timestamp=2026-04-01 08:33:10 index=email sender=it-support@secure-login.com recipient=david attachment=reset.docm
timestamp=2026-04-01 08:33:15 index=email sender=it-support@secure-login.com recipient=alice attachment=reset.docm