timestamp=2026-04-01 08:41:40 index=file user=alice file=finance.xlsx bytes=17472083
timestamp=2026-04-01 08:41:45 index=file user=alice file=finance.xlsx bytes=14736538
timestamp=2026-04-01 08:41:50 index=file user=alice file=finance.xlsx bytes=43699452
timestamp=2026-04-01 08:41:55 index=file user=alice file=finance.xlsx bytes=51296644
timestamp=2026-04-01 08:42:00 index=file user=alice file=finance.xlsx bytes=28782542
timestamp=2026-04-01 08:42:05 index=file user=alice file=finance.xlsx bytes=76511111
timestamp=2026-04-01 08:42:10 index=file user=alice file=finance.xlsx bytes=55447291
timestamp=2026-04-01 08:42:15 index=file user=alice file=finance.xlsx bytes=48386648
timestamp=2026-04-01 08:42:20 index=file user=alice file=finance.xlsx bytes=67876009
timestamp=2026-04-01 08:42:25 index=file user=alice file=finance.xlsx bytes=14065164
timestamp=2026-04-01 08:42:30 index=file user=alice file=finance.xlsx bytes=51861051
timestamp=2026-04-01 08:42:35 index=file user=alice file=finance.xlsx bytes=40892428
timestamp=2026-04-01 08:42:40 index=file user=alice file=finance.xlsx bytes=13414891
timestamp=2026-04-01 08:42:45 index=file user=alice file=finance.xlsx bytes=43874519
timestamp=2026-04-01 08:42:50 index=file user=alice file=finance.xlsx bytes=33617796
timestamp=2026-04-01 08:42:55 index=file user=alice file=finance.xlsx bytes=51116400
timestamp=2026-04-01 08:43:00 index=file user=alice file=finance.xlsx bytes=30817373
timestamp=2026-04-01 08:43:05 index=file user=alice file=finance.xlsx bytes=19323048
timestamp=2026-04-01 08:43:10 index=file user=alice file=finance.xlsx bytes=28211610
timestamp=2026-04-01 08:43:15 index=file user=alice file=finance.xlsx bytes=21635575
timestamp=2026-04-01 08:43:20 index=file user=alice file=finance.xlsx bytes=57489166
timestamp=2026-04-01 08:43:25 index=file user=alice file=finance.xlsx bytes=59342013
timestamp=2026-04-01 08:43:30 index=file user=alice file=finance.xlsx bytes=46246109
timestamp=2026-04-01 08:43:35 index=file user=alice file=finance.xlsx bytes=78130754
timestamp=2026-04-01 08:43:40 index=file user=alice file=finance.xlsx bytes=65813114
timestamp=2026-04-01 08:43:45 index=file user=alice file=finance.xlsx bytes=40643333
timestamp=2026-04-01 08:43:50 index=file user=alice file=finance.xlsx bytes=57899248
timestamp=2026-04-01 08:43:55 index=file user=alice file=finance.xlsx bytes=64472848
timestamp=2026-04-01 08:44:00 index=file user=alice file=finance.xlsx bytes=66079516
timestamp=2026-04-01 08:44:05 index=file user=alice file=finance.xlsx bytes=67126266
timestamp=2026-04-01 08:44:10 index=file user=alice file=finance.xlsx bytes=16915879
timestamp=2026-04-01 08:44:15 index=file user=alice file=finance.xlsx bytes=27533048
timestamp=2026-04-01 08:44:20 index=file user=alice file=finance.xlsx bytes=74108616
timestamp=2026-04-01 08:44:25 index=file user=alice file=finance.xlsx bytes=51620979
timestamp=2026-04-01 08:44:30 index=file user=alice file=finance.xlsx bytes=56785928
timestamp=2026-04-01 08:44:35 index=file user=alice file=finance.xlsx bytes=62864587
timestamp=2026-04-01 08:44:40 index=file user=alice file=finance.xlsx bytes=66738353
timestamp=2026-04-01 08:44:45 index=file user=alice file=finance.xlsx bytes=52238389
timestamp=2026-04-01 08:44:50 index=file user=alice file=finance.xlsx bytes=37853377
timestamp=2026-04-01 08:44:55 index=file user=alice file=finance.xlsx bytes=21600477
timestamp=2026-04-01 08:45:00 index=file user=alice file=finance.xlsx bytes=41717711
timestamp=2026-04-01 08:45:05 index=file user=alice file=finance.xlsx bytes=15143612
timestamp=2026-04-01 08:45:10 index=file user=alice file=finance.xlsx bytes=74101281
timestamp=2026-04-01 08:45:15 index=file user=alice file=finance.xlsx bytes=42770023
timestamp=2026-04-01 08:45:20 index=file user=alice file=finance.xlsx bytes=44291391
timestamp=2026-04-01 08:45:25 index=file user=alice file=finance.xlsx bytes=69325890
timestamp=2026-04-01 08:45:30 index=file user=alice file=finance.xlsx bytes=38750447
timestamp=2026-04-01 08:45:35 index=file user=alice file=finance.xlsx bytes=66287515
timestamp=2026-04-01 08:45:40 index=file user=alice file=finance.xlsx bytes=72959851
timestamp=2026-04-01 08:45:45 index=file user=alice file=finance.xlsx bytes=62986673
timestamp=2026-04-01 08:45:50 index=file user=alice file=finance.xlsx bytes=55698569
timestamp=2026-04-01 08:45:55 index=file user=alice file=finance.xlsx bytes=16035012
timestamp=2026-04-01 08:46:00 index=file user=alice file=finance.xlsx bytes=47276189
timestamp=2026-04-01 08:46:05 index=file user=alice file=finance.xlsx bytes=28012325
timestamp=2026-04-01 08:46:10 index=file user=alice file=finance.xlsx bytes=43318453
timestamp=2026-04-01 08:46:15 index=file user=alice file=finance.xlsx bytes=17777481
timestamp=2026-04-01 08:46:20 index=file user=alice file=finance.xlsx bytes=33755497
timestamp=2026-04-01 08:46:25 index=file user=alice file=finance.xlsx bytes=58983010
timestamp=2026-04-01 08:46:30 index=file user=alice file=finance.xlsx bytes=63428439
timestamp=2026-04-01 08:46:35 index=file user=alice file=finance.xlsx bytes=63981785
timestamp=2026-04-01 08:46:40 index=file user=alice file=finance.xlsx bytes=35232223
timestamp=2026-04-01 08:46:45 index=file user=alice file=finance.xlsx bytes=29343104
timestamp=2026-04-01 08:46:50 index=file user=alice file=finance.xlsx bytes=16338757
timestamp=2026-04-01 08:46:55 index=file user=alice file=finance.xlsx bytes=23512073
timestamp=2026-04-01 08:47:00 index=file user=alice file=finance.xlsx bytes=71249766
timestamp=2026-04-01 08:47:05 index=file user=alice file=finance.xlsx bytes=49600672
timestamp=2026-04-01 08:47:10 index=file user=alice file=finance.xlsx bytes=31596332
timestamp=2026-04-01 08:47:15 index=file user=alice file=finance.xlsx bytes=76559600
timestamp=2026-04-01 08:47:20 index=file user=alice file=finance.xlsx bytes=25711364
timestamp=2026-04-01 08:47:25 index=file user=alice file=finance.xlsx bytes=58753459
timestamp=2026-04-01 08:47:30 index=file user=alice file=finance.xlsx bytes=69116124
timestamp=2026-04-01 08:47:35 index=file user=alice file=finance.xlsx bytes=36254845
timestamp=2026-04-01 08:47:40 index=file user=alice file=finance.xlsx bytes=48432447
timestamp=2026-04-01 08:47:45 index=file user=alice file=finance.xlsx bytes=44311672
timestamp=2026-04-01 08:47:50 index=file user=alice file=finance.xlsx bytes=67542640
timestamp=2026-04-01 08:47:55 index=file user=alice file=finance.xlsx bytes=13509492
timestamp=2026-04-01 08:48:00 index=file user=alice file=finance.xlsx bytes=62573671
timestamp=2026-04-01 08:48:05 index=file user=alice file=finance.xlsx bytes=48643202
timestamp=2026-04-01 08:48:10 index=file user=alice file=finance.xlsx bytes=37970382
timestamp=2026-04-01 08:48:15 index=file user=alice file=finance.xlsx bytes=74840499
timestamp=2026-04-01 08:48:20 index=file user=alice file=finance.xlsx bytes=27760042
timestamp=2026-04-01 08:48:25 index=file user=alice file=finance.xlsx bytes=61380528
timestamp=2026-04-01 08:48:30 index=file user=alice file=finance.xlsx bytes=24823588
timestamp=2026-04-01 08:48:35 index=file user=alice file=finance.xlsx bytes=69557284
timestamp=2026-04-01 08:48:40 index=file user=alice file=finance.xlsx bytes=19582444
timestamp=2026-04-01 08:48:45 index=file user=alice file=finance.xlsx bytes=19071303
timestamp=2026-04-01 08:48:50 index=file user=alice file=finance.xlsx bytes=17563408
timestamp=2026-04-01 08:48:55 index=file user=alice file=finance.xlsx bytes=25762593
timestamp=2026-04-01 08:49:00 index=file user=alice file=finance.xlsx bytes=34706653
timestamp=2026-04-01 08:49:05 index=file user=alice file=finance.xlsx bytes=17539083
timestamp=2026-04-01 08:49:10 index=file user=alice file=finance.xlsx bytes=34765719
timestamp=2026-04-01 08:49:15 index=file user=alice file=finance.xlsx bytes=56981529
timestamp=2026-04-01 08:49:20 index=file user=alice file=finance.xlsx bytes=75256397
timestamp=2026-04-01 08:49:25 index=file user=alice file=finance.xlsx bytes=63589125
timestamp=2026-04-01 08:49:30 index=file user=alice file=finance.xlsx bytes=13627249
timestamp=2026-04-01 08:49:35 index=file user=alice file=finance.xlsx bytes=40266944
timestamp=2026-04-01 08:49:40 index=file user=alice file=finance.xlsx bytes=28863253
timestamp=2026-04-01 08:49:45 index=file user=alice file=finance.xlsx bytes=72631979
timestamp=2026-04-01 08:49:50 index=file user=alice file=finance.xlsx bytes=24000290
timestamp=2026-04-01 08:49:55 index=file user=alice file=finance.xlsx bytes=51300017
timestamp=2026-04-01 08:58:20 index=file user=emma file=document.docx.encrypted action=rename
timestamp=2026-04-01 08:58:25 index=file user=emma file=document.docx.encrypted action=rename
timestamp=2026-04-01 08:58:30 index=file user=alice file=document.docx.encrypted action=rename
timestamp=2026-04-01 08:58:35 index=file user=emma file=document.docx.encrypted action=rename
timestamp=2026-04-01 08:58:40 index=file user=david file=document.docx.encrypted action=rename
timestamp=2026-04-01 08:58:45 index=file user=bob file=document.docx.encrypted action=rename
timestamp=2026-04-01 08:58:50 index=file user=emma file=document.docx.encrypted action=rename
timestamp=2026-04-01 08:58:55 index=file user=alice file=document.docx.encrypted action=rename
timestamp=2026-04-01 08:59:00 index=file user=alice file=document.docx.encrypted action=rename
timestamp=2026-04-01 08:59:05 index=file user=alice file=document.docx.encrypted action=rename
timestamp=2026-04-01 08:59:10 index=file user=bob file=document.docx.encrypted action=rename
timestamp=2026-04-01 08:59:15 index=file user=bob file=document.docx.encrypted action=rename
timestamp=2026-04-01 08:59:20 index=file user=john.doe file=document.docx.encrypted action=rename
timestamp=2026-04-01 08:59:25 index=file user=bob file=document.docx.encrypted action=rename
timestamp=2026-04-01 08:59:30 index=file user=alice file=document.docx.encrypted action=rename
timestamp=2026-04-01 08:59:35 index=file user=emma file=document.docx.encrypted action=rename
timestamp=2026-04-01 08:59:40 index=file user=david file=document.docx.encrypted action=rename
timestamp=2026-04-01 08:59:45 index=file user=emma file=document.docx.encrypted action=rename
timestamp=2026-04-01 08:59:50 index=file user=bob file=document.docx.encrypted action=rename
timestamp=2026-04-01 08:59:55 index=file user=emma file=document.docx.encrypted action=rename
timestamp=2026-04-01 09:00:00 index=file user=emma file=document.docx.encrypted action=rename
timestamp=2026-04-01 09:00:05 index=file user=john.doe file=document.docx.encrypted action=rename
timestamp=2026-04-01 09:00:10 index=file user=bob file=document.docx.encrypted action=rename
timestamp=2026-04-01 09:00:15 index=file user=david file=document.docx.encrypted action=rename
timestamp=2026-04-01 09:00:20 index=file user=alice file=document.docx.encrypted action=rename
timestamp=2026-04-01 09:00:25 index=file user=alice file=document.docx.encrypted action=rename
timestamp=2026-04-01 09:00:30 index=file user=bob file=document.docx.encrypted action=rename
timestamp=2026-04-01 09:00:35 index=file user=alice file=document.docx.encrypted action=rename
timestamp=2026-04-01 09:00:40 index=file user=alice file=document.docx.encrypted action=rename
timestamp=2026-04-01 09:00:45 index=file user=david file=document.docx.encrypted action=rename
timestamp=2026-04-01 09:00:50 index=file user=emma file=document.docx.encrypted action=rename
timestamp=2026-04-01 09:00:55 index=file user=bob file=document.docx.encrypted action=rename
timestamp=2026-04-01 09:01:00 index=file user=emma file=document.docx.encrypted action=rename
timestamp=2026-04-01 09:01:05 index=file user=bob file=document.docx.encrypted action=rename
timestamp=2026-04-01 09:01:10 index=file user=emma file=document.docx.encrypted action=rename
timestamp=2026-04-01 09:01:15 index=file user=alice file=document.docx.encrypted action=rename
timestamp=2026-04-01 09:01:20 index=file user=emma file=document.docx.encrypted action=rename
timestamp=2026-04-01 09:01:25 index=file user=alice file=document.docx.encrypted action=rename
timestamp=2026-04-01 09:01:30 index=file user=emma file=document.docx.encrypted action=rename
timestamp=2026-04-01 09:01:35 index=file user=john.doe file=document.docx.encrypted action=rename
timestamp=2026-04-01 09:01:40 index=file user=david file=document.docx.encrypted action=rename
timestamp=2026-04-01 09:01:45 index=file user=bob file=document.docx.encrypted action=rename
timestamp=2026-04-01 09:01:50 index=file user=john.doe file=document.docx.encrypted action=rename
timestamp=2026-04-01 09:01:55 index=file user=alice file=document.docx.encrypted action=rename
timestamp=2026-04-01 09:02:00 index=file user=alice file=document.docx.encrypted action=rename
timestamp=2026-04-01 09:02:05 index=file user=emma file=document.docx.encrypted action=rename
timestamp=2026-04-01 09:02:10 index=file user=alice file=document.docx.encrypted action=rename
timestamp=2026-04-01 09:02:15 index=file user=david file=document.docx.encrypted action=rename
timestamp=2026-04-01 09:02:20 index=file user=bob file=document.docx.encrypted action=rename
timestamp=2026-04-01 09:02:25 index=file user=emma file=document.docx.encrypted action=rename
timestamp=2026-04-01 09:02:30 index=file user=emma file=document.docx.encrypted action=rename
timestamp=2026-04-01 09:02:35 index=file user=alice file=document.docx.encrypted action=rename
timestamp=2026-04-01 09:02:40 index=file user=emma file=document.docx.encrypted action=rename
timestamp=2026-04-01 09:02:45 index=file user=bob file=document.docx.encrypted action=rename
timestamp=2026-04-01 09:02:50 index=file user=david file=document.docx.encrypted action=rename
timestamp=2026-04-01 09:02:55 index=file user=david file=document.docx.encrypted action=rename
timestamp=2026-04-01 09:03:00 index=file user=david file=document.docx.encrypted action=rename
timestamp=2026-04-01 09:03:05 index=file user=emma file=document.docx.encrypted action=rename
timestamp=2026-04-01 09:03:10 index=file user=emma file=document.docx.encrypted action=rename
timestamp=2026-04-01 09:03:15 index=file user=bob file=document.docx.encrypted action=rename
timestamp=2026-04-01 09:03:20 index=file user=alice file=document.docx.encrypted action=rename
timestamp=2026-04-01 09:03:25 index=file user=john.doe file=document.docx.encrypted action=rename
timestamp=2026-04-01 09:03:30 index=file user=bob file=document.docx.encrypted action=rename
timestamp=2026-04-01 09:03:35 index=file user=john.doe file=document.docx.encrypted action=rename
timestamp=2026-04-01 09:03:40 index=file user=bob file=document.docx.encrypted action=rename
timestamp=2026-04-01 09:03:45 index=file user=david file=document.docx.encrypted action=rename
timestamp=2026-04-01 09:03:50 index=file user=bob file=document.docx.encrypted action=rename
timestamp=2026-04-01 09:03:55 index=file user=emma file=document.docx.encrypted action=rename
timestamp=2026-04-01 09:04:00 index=file user=bob file=document.docx.encrypted action=rename
timestamp=2026-04-01 09:04:05 index=file user=david file=document.docx.encrypted action=rename
timestamp=2026-04-01 09:04:10 index=file user=emma file=document.docx.encrypted action=rename
timestamp=2026-04-01 09:04:15 index=file user=alice file=document.docx.encrypted action=rename
timestamp=2026-04-01 09:04:20 index=file user=john.doe file=document.docx.encrypted action=rename
timestamp=2026-04-01 09:04:25 index=file user=bob file=document.docx.encrypted action=rename
timestamp=2026-04-01 09:04:30 index=file user=john.doe file=document.docx.encrypted action=rename
timestamp=2026-04-01 09:04:35 index=file user=alice file=document.docx.encrypted action=rename
timestamp=2026-04-01 09:04:40 index=file user=john.doe file=document.docx.encrypted action=rename
timestamp=2026-04-01 09:04:45 index=file user=david file=document.docx.encrypted action=rename
timestamp=2026-04-01 09:04:50 index=file user=john.doe file=document.docx.encrypted action=rename
timestamp=2026-04-01 09:04:55 index=file user=bob file=document.docx.encrypted action=rename
timestamp=2026-04-01 09:05:00 index=file user=emma file=document.docx.encrypted action=rename
timestamp=2026-04-01 09:05:05 index=file user=john.doe file=document.docx.encrypted action=rename
timestamp=2026-04-01 09:05:10 index=file user=alice file=document.docx.encrypted action=rename
timestamp=2026-04-01 09:05:15 index=file user=emma file=document.docx.encrypted action=rename
timestamp=2026-04-01 09:05:20 index=file user=alice file=document.docx.encrypted action=rename
timestamp=2026-04-01 09:05:25 index=file user=bob file=document.docx.encrypted action=rename
timestamp=2026-04-01 09:05:30 index=file user=john.doe file=document.docx.encrypted action=rename
timestamp=2026-04-01 09:05:35 index=file user=david file=document.docx.encrypted action=rename
timestamp=2026-04-01 09:05:40 index=file user=david file=document.docx.encrypted action=rename
timestamp=2026-04-01 09:05:45 index=file user=david file=document.docx.encrypted action=rename
timestamp=2026-04-01 09:05:50 index=file user=emma file=document.docx.encrypted action=rename
timestamp=2026-04-01 09:05:55 index=file user=john.doe file=document.docx.encrypted action=rename
timestamp=2026-04-01 09:06:00 index=file user=david file=document.docx.encrypted action=rename
timestamp=2026-04-01 09:06:05 index=file user=john.doe file=document.docx.encrypted action=rename
timestamp=2026-04-01 09:06:10 index=file user=john.doe file=document.docx.encrypted action=rename
timestamp=2026-04-01 09:06:15 index=file user=bob file=document.docx.encrypted action=rename
timestamp=2026-04-01 09:06:20 index=file user=david file=document.docx.encrypted action=rename
timestamp=2026-04-01 09:06:25 index=file user=emma file=document.docx.encrypted action=rename
timestamp=2026-04-01 09:06:30 index=file user=emma file=document.docx.encrypted action=rename
timestamp=2026-04-01 09:06:35 index=file user=emma file=document.docx.encrypted action=rename
timestamp=2026-04-01 09:40:00 index=file file=secret.zip bytes=90000000
timestamp=2026-04-01 09:40:05 index=file file=secret.zip bytes=90000000
timestamp=2026-04-01 09:40:10 index=file file=secret.zip bytes=90000000
timestamp=2026-04-01 09:40:15 index=file file=secret.zip bytes=90000000
timestamp=2026-04-01 09:40:20 index=file file=secret.zip bytes=90000000
timestamp=2026-04-01 09:40:25 index=file file=secret.zip bytes=90000000
timestamp=2026-04-01 09:40:30 index=file file=secret.zip bytes=90000000
timestamp=2026-04-01 09:40:35 index=file file=secret.zip bytes=90000000
timestamp=2026-04-01 09:40:40 index=file file=secret.zip bytes=90000000
timestamp=2026-04-01 09:40:45 index=file file=secret.zip bytes=90000000
timestamp=2026-04-01 09:40:50 index=file file=secret.zip bytes=90000000
timestamp=2026-04-01 09:40:55 index=file file=secret.zip bytes=90000000
timestamp=2026-04-01 09:41:00 index=file file=secret.zip bytes=90000000
timestamp=2026-04-01 09:41:05 index=file file=secret.zip bytes=90000000
timestamp=2026-04-01 09:41:10 index=file file=secret.zip bytes=90000000
timestamp=2026-04-01 09:41:15 index=file file=secret.zip bytes=90000000
timestamp=2026-04-01 09:41:20 index=file file=secret.zip bytes=90000000
timestamp=2026-04-01 09:41:25 index=file file=secret.zip bytes=90000000
timestamp=2026-04-01 09:41:30 index=file file=secret.zip bytes=90000000
timestamp=2026-04-01 09:41:35 index=file file=secret.zip bytes=90000000
timestamp=2026-04-01 09:41:40 index=file file=secret.zip bytes=90000000
timestamp=2026-04-01 09:41:45 index=file file=secret.zip bytes=90000000
timestamp=2026-04-01 09:41:50 index=file file=secret.zip bytes=90000000
timestamp=2026-04-01 09:41:55 index=file file=secret.zip bytes=90000000
timestamp=2026-04-01 09:42:00 index=file file=secret.zip bytes=90000000
timestamp=2026-04-01 09:42:05 index=file file=secret.zip bytes=90000000
timestamp=2026-04-01 09:42:10 index=file file=secret.zip bytes=90000000
timestamp=2026-04-01 09:42:15 index=file file=secret.zip bytes=90000000
timestamp=2026-04-01 09:42:20 index=file file=secret.zip bytes=90000000
timestamp=2026-04-01 09:42:25 index=file file=secret.zip bytes=90000000
timestamp=2026-04-01 09:42:30 index=file file=secret.zip bytes=90000000
timestamp=2026-04-01 09:42:35 index=file file=secret.zip bytes=90000000
timestamp=2026-04-01 09:42:40 index=file file=secret.zip bytes=90000000
timestamp=2026-04-01 09:42:45 index=file file=secret.zip bytes=90000000
timestamp=2026-04-01 09:42:50 index=file file=secret.zip bytes=90000000
timestamp=2026-04-01 09:42:55 index=file file=secret.zip bytes=90000000
timestamp=2026-04-01 09:43:00 index=file file=secret.zip bytes=90000000
timestamp=2026-04-01 09:43:05 index=file file=secret.zip bytes=90000000
timestamp=2026-04-01 09:43:10 index=file file=secret.zip bytes=90000000
timestamp=2026-04-01 09:43:15 index=file file=secret.zip bytes=90000000
timestamp=2026-04-01 09:43:20 index=file file=secret.zip bytes=90000000
timestamp=2026-04-01 09:43:25 index=file file=secret.zip bytes=90000000
timestamp=2026-04-01 09:43:30 index=file file=secret.zip bytes=90000000
timestamp=2026-04-01 09:43:35 index=file file=secret.zip bytes=90000000
timestamp=2026-04-01 09:43:40 index=file file=secret.zip bytes=90000000
timestamp=2026-04-01 09:43:45 index=file file=secret.zip bytes=90000000
timestamp=2026-04-01 09:43:50 index=file file=secret.zip bytes=90000000
timestamp=2026-04-01 09:43:55 index=file file=secret.zip bytes=90000000
timestamp=2026-04-01 09:44:00 index=file file=secret.zip bytes=90000000
timestamp=2026-04-01 09:44:05 index=file file=secret.zip bytes=90000000
timestamp=2026-04-01 09:44:10 index=file file=secret.zip bytes=90000000
timestamp=2026-04-01 09:44:15 index=file file=secret.zip bytes=90000000
timestamp=2026-04-01 09:44:20 index=file file=secret.zip bytes=90000000
timestamp=2026-04-01 09:44:25 index=file file=secret.zip bytes=90000000
timestamp=2026-04-01 09:44:30 index=file file=secret.zip bytes=90000000
timestamp=2026-04-01 09:44:35 index=file file=secret.zip bytes=90000000
timestamp=2026-04-01 09:44:40 index=file file=secret.zip bytes=90000000
timestamp=2026-04-01 09:44:45 index=file file=secret.zip bytes=90000000
timestamp=2026-04-01 09:44:50 index=file file=secret.zip bytes=90000000
timestamp=2026-04-01 09:44:55 index=file file=secret.zip bytes=90000000
timestamp=2026-04-01 09:45:00 index=file file=secret.zip bytes=90000000
timestamp=2026-04-01 09:45:05 index=file file=secret.zip bytes=90000000
timestamp=2026-04-01 09:45:10 index=file file=secret.zip bytes=90000000
timestamp=2026-04-01 09:45:15 index=file file=secret.zip bytes=90000000
timestamp=2026-04-01 09:45:20 index=file file=secret.zip bytes=90000000
timestamp=2026-04-01 09:45:25 index=file file=secret.zip bytes=90000000
timestamp=2026-04-01 09:45:30 index=file file=secret.zip bytes=90000000
timestamp=2026-04-01 09:45:35 index=file file=secret.zip bytes=90000000
timestamp=2026-04-01 09:45:40 index=file file=secret.zip bytes=90000000
timestamp=2026-04-01 09:45:45 index=file file=secret.zip bytes=90000000
timestamp=2026-04-01 09:45:50 index=file file=secret.zip bytes=90000000
timestamp=2026-04-01 09:45:55 index=file file=secret.zip bytes=90000000
timestamp=2026-04-01 09:46:00 index=file file=secret.zip bytes=90000000
timestamp=2026-04-01 09:46:05 index=file file=secret.zip bytes=90000000
timestamp=2026-04-01 09:46:10 index=file file=secret.zip bytes=90000000
timestamp=2026-04-01 09:46:15 index=file file=secret.zip bytes=90000000
timestamp=2026-04-01 09:46:20 index=file file=secret.zip bytes=90000000
timestamp=2026-04-01 09:46:25 index=file file=secret.zip bytes=90000000
timestamp=2026-04-01 09:46:30 index=file file=secret.zip bytes=90000000
timestamp=2026-04-01 09:46:35 index=file file=secret.zip bytes=90000000
timestamp=2026-04-01 09:46:40 index=file file=secret.zip bytes=90000000
timestamp=2026-04-01 09:46:45 index=file file=secret.zip bytes=90000000
timestamp=2026-04-01 09:46:50 index=file file=secret.zip bytes=90000000
timestamp=2026-04-01 09:46:55 index=file file=secret.zip bytes=90000000
timestamp=2026-04-01 09:47:00 index=file file=secret.zip bytes=90000000
timestamp=2026-04-01 09:47:05 index=file file=secret.zip bytes=90000000
timestamp=2026-04-01 09:47:10 index=file file=secret.zip bytes=90000000
timestamp=2026-04-01 09:47:15 index=file file=secret.zip bytes=90000000
timestamp=2026-04-01 09:47:20 index=file file=secret.zip bytes=90000000
timestamp=2026-04-01 09:47:25 index=file file=secret.zip bytes=90000000
timestamp=2026-04-01 09:47:30 index=file file=secret.zip bytes=90000000
timestamp=2026-04-01 09:47:35 index=file file=secret.zip bytes=90000000
timestamp=2026-04-01 09:47:40 index=file file=secret.zip bytes=90000000
timestamp=2026-04-01 09:47:45 index=file file=secret.zip bytes=90000000
timestamp=2026-04-01 09:47:50 index=file file=secret.zip bytes=90000000
timestamp=2026-04-01 09:47:55 index=file file=secret.zip bytes=90000000
timestamp=2026-04-01 09:48:00 index=file file=secret.zip bytes=90000000
timestamp=2026-04-01 09:48:05 index=file file=secret.zip bytes=90000000
timestamp=2026-04-01 09:48:10 index=file file=secret.zip bytes=90000000
timestamp=2026-04-01 09:48:15 index=file file=secret.zip bytes=90000000
timestamp=2026-04-01 09:48:20 index=file file=secret.zip bytes=90000000
timestamp=2026-04-01 09:48:25 index=file file=secret.zip bytes=90000000
timestamp=2026-04-01 09:48:30 index=file file=secret.zip bytes=90000000
timestamp=2026-04-01 09:48:35 index=file file=secret.zip bytes=90000000
timestamp=2026-04-01 09:48:40 index=file file=secret.zip bytes=90000000
timestamp=2026-04-01 09:48:45 index=file file=secret.zip bytes=90000000
timestamp=2026-04-01 09:48:50 index=file file=secret.zip bytes=90000000
timestamp=2026-04-01 09:48:55 index=file file=secret.zip bytes=90000000
timestamp=2026-04-01 09:49:00 index=file file=secret.zip bytes=90000000
timestamp=2026-04-01 09:49:05 index=file file=secret.zip bytes=90000000
timestamp=2026-04-01 09:49:10 index=file file=secret.zip bytes=90000000
timestamp=2026-04-01 09:49:15 index=file file=secret.zip bytes=90000000
timestamp=2026-04-01 09:49:20 index=file file=secret.zip bytes=90000000
timestamp=2026-04-01 09:49:25 index=file file=secret.zip bytes=90000000
timestamp=2026-04-01 09:49:30 index=file file=secret.zip bytes=90000000
timestamp=2026-04-01 09:49:35 index=file file=secret.zip bytes=90000000
timestamp=2026-04-01 09:49:40 index=file file=secret.zip bytes=90000000
timestamp=2026-04-01 09:49:45 index=file file=secret.zip bytes=90000000
timestamp=2026-04-01 09:49:50 index=file file=secret.zip bytes=90000000
timestamp=2026-04-01 09:49:55 index=file file=secret.zip bytes=90000000
timestamp=2026-04-01 09:50:00 index=file file=secret.zip bytes=90000000
timestamp=2026-04-01 09:50:05 index=file file=secret.zip bytes=90000000
timestamp=2026-04-01 09:50:10 index=file file=secret.zip bytes=90000000
timestamp=2026-04-01 09:50:15 index=file file=secret.zip bytes=90000000
timestamp=2026-04-01 09:50:20 index=file file=secret.zip bytes=90000000
timestamp=2026-04-01 09:50:25 index=file file=secret.zip bytes=90000000
timestamp=2026-04-01 09:50:30 index=file file=secret.zip bytes=90000000
timestamp=2026-04-01 09:50:35 index=file file=secret.zip bytes=90000000
timestamp=2026-04-01 09:50:40 index=file file=secret.zip bytes=90000000
timestamp=2026-04-01 09:50:45 index=file file=secret.zip bytes=90000000
timestamp=2026-04-01 09:50:50 index=file file=secret.zip bytes=90000000
timestamp=2026-04-01 09:50:55 index=file file=secret.zip bytes=90000000
timestamp=2026-04-01 09:51:00 index=file file=secret.zip bytes=90000000
timestamp=2026-04-01 09:51:05 index=file file=secret.zip bytes=90000000
timestamp=2026-04-01 09:51:10 index=file file=secret.zip bytes=90000000
timestamp=2026-04-01 09:51:15 index=file file=secret.zip bytes=90000000
timestamp=2026-04-01 09:51:20 index=file file=secret.zip bytes=90000000
timestamp=2026-04-01 09:51:25 index=file file=secret.zip bytes=90000000
timestamp=2026-04-01 09:51:30 index=file file=secret.zip bytes=90000000
timestamp=2026-04-01 09:51:35 index=file file=secret.zip bytes=90000000
timestamp=2026-04-01 09:51:40 index=file file=secret.zip bytes=90000000
timestamp=2026-04-01 09:51:45 index=file file=secret.zip bytes=90000000
timestamp=2026-04-01 09:51:50 index=file file=secret.zip bytes=90000000
timestamp=2026-04-01 09:51:55 index=file file=secret.zip bytes=90000000
timestamp=2026-04-01 09:52:00 index=file file=secret.zip bytes=90000000
timestamp=2026-04-01 09:52:05 index=file file=secret.zip bytes=90000000
timestamp=2026-04-01 09:52:10 index=file file=secret.zip bytes=90000000
timestamp=2026-04-01 09:52:15 index=file file=secret.zip bytes=90000000
timestamp=2026-04-01 09:52:20 index=file file=secret.zip bytes=90000000
timestamp=2026-04-01 09:52:25 index=file file=secret.zip bytes=90000000
timestamp=2026-04-01 09:52:30 index=file file=secret.zip bytes=90000000
timestamp=2026-04-01 09:52:35 index=file file=secret.zip bytes=90000000
timestamp=2026-04-01 09:52:40 index=file file=secret.zip bytes=90000000
timestamp=2026-04-01 09:52:45 index=file file=secret.zip bytes=90000000
timestamp=2026-04-01 09:52:50 index=file file=secret.zip bytes=90000000
timestamp=2026-04-01 09:52:55 index=file file=secret.zip bytes=90000000
timestamp=2026-04-01 09:53:00 index=file file=secret.zip bytes=90000000
timestamp=2026-04-01 09:53:05 index=file file=secret.zip bytes=90000000
timestamp=2026-04-01 09:53:10 index=file file=secret.zip bytes=90000000
timestamp=2026-04-01 09:53:15 index=file file=secret.zip bytes=90000000
timestamp=2026-04-01 09:53:20 index=file file=secret.zip bytes=90000000
timestamp=2026-04-01 09:53:25 index=file file=secret.zip bytes=90000000
timestamp=2026-04-01 09:53:30 index=file file=secret.zip bytes=90000000
timestamp=2026-04-01 09:53:35 index=file file=secret.zip bytes=90000000
timestamp=2026-04-01 09:53:40 index=file file=secret.zip bytes=90000000
timestamp=2026-04-01 09:53:45 index=file file=secret.zip bytes=90000000
timestamp=2026-04-01 09:53:50 index=file file=secret.zip bytes=90000000
timestamp=2026-04-01 09:53:55 index=file file=secret.zip bytes=90000000
timestamp=2026-04-01 09:54:00 index=file file=secret.zip bytes=90000000
timestamp=2026-04-01 09:54:05 index=file file=secret.zip bytes=90000000
timestamp=2026-04-01 09:54:10 index=file file=secret.zip bytes=90000000
timestamp=2026-04-01 09:54:15 index=file file=secret.zip bytes=90000000
timestamp=2026-04-01 09:54:20 index=file file=secret.zip bytes=90000000
timestamp=2026-04-01 09:54:25 index=file file=secret.zip bytes=90000000
timestamp=2026-04-01 09:54:30 index=file file=secret.zip bytes=90000000
timestamp=2026-04-01 09:54:35 index=file file=secret.zip bytes=90000000
timestamp=2026-04-01 09:54:40 index=file file=secret.zip bytes=90000000
timestamp=2026-04-01 09:54:45 index=file file=secret.zip bytes=90000000
timestamp=2026-04-01 09:54:50 index=file file=secret.zip bytes=90000000
timestamp=2026-04-01 09:54:55 index=file file=secret.zip bytes=90000000
timestamp=2026-04-01 09:55:00 index=file file=secret.zip bytes=90000000
timestamp=2026-04-01 09:55:05 index=file file=secret.zip bytes=90000000
timestamp=2026-04-01 09:55:10 index=file file=secret.zip bytes=90000000
timestamp=2026-04-01 09:55:15 index=file file=secret.zip bytes=90000000
timestamp=2026-04-01 09:55:20 index=file file=secret.zip bytes=90000000
timestamp=2026-04-01 09:55:25 index=file file=secret.zip bytes=90000000
timestamp=2026-04-01 09:55:30 index=file file=secret.zip bytes=90000000
timestamp=2026-04-01 09:55:35 index=file file=secret.zip bytes=90000000
timestamp=2026-04-01 09:55:40 index=file file=secret.zip bytes=90000000
timestamp=2026-04-01 09:55:45 index=file file=secret.zip bytes=90000000
timestamp=2026-04-01 09:55:50 index=file file=secret.zip bytes=90000000
timestamp=2026-04-01 09:55:55 index=file file=secret.zip bytes=90000000
timestamp=2026-04-01 09:56:00 index=file file=secret.zip bytes=90000000
timestamp=2026-04-01 09:56:05 index=file file=secret.zip bytes=90000000
timestamp=2026-04-01 09:56:10 index=file file=secret.zip bytes=90000000
timestamp=2026-04-01 09:56:15 index=file file=secret.zip bytes=90000000
timestamp=2026-04-01 09:56:20 index=file file=secret.zip bytes=90000000
timestamp=2026-04-01 09:56:25 index=file file=secret.zip bytes=90000000
timestamp=2026-04-01 09:56:30 index=file file=secret.zip bytes=90000000
timestamp=2026-04-01 09:56:35 index=file file=secret.zip bytes=90000000