timestamp=2026-04-01 08:00:00 index=web user=alice url=http://youtube.com action=allowed
timestamp=2026-04-01 08:00:05 index=web user=john.doe url=http://acme.com action=allowed
timestamp=2026-04-01 08:00:10 index=web user=alice url=http://youtube.com action=allowed
timestamp=2026-04-01 08:00:15 index=web user=bob url=http://youtube.com action=allowed
timestamp=2026-04-01 08:00:20 index=web user=alice url=http://acme.com action=allowed
timestamp=2026-04-01 08:00:25 index=web user=john.doe url=http://linkedin.com action=allowed
timestamp=2026-04-01 08:00:30 index=web user=alice url=http://google.com action=allowed
timestamp=2026-04-01 08:00:35 index=web user=john.doe url=http://acme.com action=allowed
timestamp=2026-04-01 08:00:40 index=web user=david url=http://linkedin.com action=allowed
timestamp=2026-04-01 08:00:45 index=web user=david url=http://google.com action=allowed
timestamp=2026-04-01 08:00:50 index=web user=john.doe url=http://youtube.com action=allowed
timestamp=2026-04-01 08:00:55 index=web user=david url=http://linkedin.com action=allowed
timestamp=2026-04-01 08:01:00 index=web user=alice url=http://youtube.com action=allowed
timestamp=2026-04-01 08:01:05 index=web user=alice url=http://youtube.com action=allowed
timestamp=2026-04-01 08:01:10 index=web user=david url=http://linkedin.com action=allowed
timestamp=2026-04-01 08:01:15 index=web user=david url=http://linkedin.com action=allowed
timestamp=2026-04-01 08:01:20 index=web user=bob url=http://linkedin.com action=allowed
timestamp=2026-04-01 08:01:25 index=web user=john.doe url=http://google.com action=allowed
timestamp=2026-04-01 08:01:30 index=web user=john.doe url=http://acme.com action=allowed
timestamp=2026-04-01 08:01:35 index=web user=bob url=http://linkedin.com action=allowed
timestamp=2026-04-01 08:01:40 index=web user=david url=http://google.com action=allowed
timestamp=2026-04-01 08:01:45 index=web user=alice url=http://acme.com action=allowed
timestamp=2026-04-01 08:01:50 index=web user=alice url=http://youtube.com action=allowed
timestamp=2026-04-01 08:01:55 index=web user=john.doe url=http://linkedin.com action=allowed
timestamp=2026-04-01 08:02:00 index=web user=alice url=http://google.com action=allowed
timestamp=2026-04-01 08:02:05 index=web user=john.doe url=http://youtube.com action=allowed
timestamp=2026-04-01 08:02:10 index=web user=alice url=http://google.com action=allowed
timestamp=2026-04-01 08:02:15 index=web user=bob url=http://google.com action=allowed
timestamp=2026-04-01 08:02:20 index=web user=alice url=http://youtube.com action=allowed
timestamp=2026-04-01 08:02:25 index=web user=john.doe url=http://youtube.com action=allowed
timestamp=2026-04-01 08:02:30 index=web user=emma url=http://acme.com action=allowed
timestamp=2026-04-01 08:02:35 index=web user=david url=http://google.com action=allowed
timestamp=2026-04-01 08:02:40 index=web user=emma url=http://linkedin.com action=allowed
timestamp=2026-04-01 08:02:45 index=web user=alice url=http://youtube.com action=allowed
timestamp=2026-04-01 08:02:50 index=web user=david url=http://linkedin.com action=allowed
timestamp=2026-04-01 08:02:55 index=web user=bob url=http://google.com action=allowed
timestamp=2026-04-01 08:03:00 index=web user=emma url=http://linkedin.com action=allowed
timestamp=2026-04-01 08:03:05 index=web user=david url=http://acme.com action=allowed
timestamp=2026-04-01 08:03:10 index=web user=john.doe url=http://acme.com action=allowed
timestamp=2026-04-01 08:03:15 index=web user=alice url=http://acme.com action=allowed
timestamp=2026-04-01 08:03:20 index=web user=alice url=http://google.com action=allowed
timestamp=2026-04-01 08:03:25 index=web user=alice url=http://youtube.com action=allowed
timestamp=2026-04-01 08:03:30 index=web user=emma url=http://youtube.com action=allowed
timestamp=2026-04-01 08:03:35 index=web user=bob url=http://youtube.com action=allowed
timestamp=2026-04-01 08:03:40 index=web user=alice url=http://linkedin.com action=allowed
timestamp=2026-04-01 08:03:45 index=web user=emma url=http://youtube.com action=allowed
timestamp=2026-04-01 08:03:50 index=web user=bob url=http://linkedin.com action=allowed
timestamp=2026-04-01 08:03:55 index=web user=emma url=http://acme.com action=allowed
timestamp=2026-04-01 08:04:00 index=web user=john.doe url=http://google.com action=allowed
timestamp=2026-04-01 08:04:05 index=web user=bob url=http://google.com action=allowed
timestamp=2026-04-01 08:04:10 index=web user=alice url=http://linkedin.com action=allowed
timestamp=2026-04-01 08:04:15 index=web user=alice url=http://youtube.com action=allowed
timestamp=2026-04-01 08:04:20 index=web user=alice url=http://acme.com action=allowed
timestamp=2026-04-01 08:04:25 index=web user=bob url=http://google.com action=allowed
timestamp=2026-04-01 08:04:30 index=web user=david url=http://google.com action=allowed
timestamp=2026-04-01 08:04:35 index=web user=john.doe url=http://acme.com action=allowed
timestamp=2026-04-01 08:04:40 index=web user=john.doe url=http://youtube.com action=allowed
timestamp=2026-04-01 08:04:45 index=web user=david url=http://google.com action=allowed
timestamp=2026-04-01 08:04:50 index=web user=david url=http://acme.com action=allowed
timestamp=2026-04-01 08:04:55 index=web user=bob url=http://acme.com action=allowed
timestamp=2026-04-01 08:05:00 index=web user=emma url=http://linkedin.com action=allowed
timestamp=2026-04-01 08:05:05 index=web user=bob url=http://linkedin.com action=allowed
timestamp=2026-04-01 08:05:10 index=web user=emma url=http://youtube.com action=allowed
timestamp=2026-04-01 08:05:15 index=web user=bob url=http://google.com action=allowed
timestamp=2026-04-01 08:05:20 index=web user=alice url=http://google.com action=allowed
timestamp=2026-04-01 08:05:25 index=web user=emma url=http://linkedin.com action=allowed
timestamp=2026-04-01 08:05:30 index=web user=bob url=http://linkedin.com action=allowed
timestamp=2026-04-01 08:05:35 index=web user=alice url=http://acme.com action=allowed
timestamp=2026-04-01 08:05:40 index=web user=alice url=http://google.com action=allowed
timestamp=2026-04-01 08:05:45 index=web user=alice url=http://youtube.com action=allowed
timestamp=2026-04-01 08:05:50 index=web user=emma url=http://youtube.com action=allowed
timestamp=2026-04-01 08:05:55 index=web user=alice url=http://acme.com action=allowed
timestamp=2026-04-01 08:06:00 index=web user=bob url=http://acme.com action=allowed
timestamp=2026-04-01 08:06:05 index=web user=emma url=http://youtube.com action=allowed
timestamp=2026-04-01 08:06:10 index=web user=john.doe url=http://acme.com action=allowed
timestamp=2026-04-01 08:06:15 index=web user=david url=http://google.com action=allowed
timestamp=2026-04-01 08:06:20 index=web user=emma url=http://linkedin.com action=allowed
timestamp=2026-04-01 08:06:25 index=web user=alice url=http://linkedin.com action=allowed
timestamp=2026-04-01 08:06:30 index=web user=john.doe url=http://linkedin.com action=allowed
timestamp=2026-04-01 08:06:35 index=web user=bob url=http://linkedin.com action=allowed
timestamp=2026-04-01 08:06:40 index=web user=bob url=http://acme.com action=allowed
timestamp=2026-04-01 08:06:45 index=web user=bob url=http://youtube.com action=allowed
timestamp=2026-04-01 08:06:50 index=web user=bob url=http://youtube.com action=allowed
timestamp=2026-04-01 08:06:55 index=web user=emma url=http://youtube.com action=allowed
timestamp=2026-04-01 08:07:00 index=web user=david url=http://youtube.com action=allowed
timestamp=2026-04-01 08:07:05 index=web user=bob url=http://linkedin.com action=allowed
timestamp=2026-04-01 08:07:10 index=web user=david url=http://linkedin.com action=allowed
timestamp=2026-04-01 08:07:15 index=web user=david url=http://acme.com action=allowed
timestamp=2026-04-01 08:07:20 index=web user=john.doe url=http://youtube.com action=allowed
timestamp=2026-04-01 08:07:25 index=web user=alice url=http://acme.com action=allowed
timestamp=2026-04-01 08:07:30 index=web user=john.doe url=http://acme.com action=allowed
timestamp=2026-04-01 08:07:35 index=web user=bob url=http://youtube.com action=allowed
timestamp=2026-04-01 08:07:40 index=web user=emma url=http://linkedin.com action=allowed
timestamp=2026-04-01 08:07:45 index=web user=alice url=http://google.com action=allowed
timestamp=2026-04-01 08:07:50 index=web user=john.doe url=http://google.com action=allowed
timestamp=2026-04-01 08:07:55 index=web user=bob url=http://google.com action=allowed
timestamp=2026-04-01 08:08:00 index=web user=emma url=http://google.com action=allowed
timestamp=2026-04-01 08:08:05 index=web user=bob url=http://linkedin.com action=allowed
timestamp=2026-04-01 08:08:10 index=web user=bob url=http://linkedin.com action=allowed
timestamp=2026-04-01 08:08:15 index=web user=john.doe url=http://acme.com action=allowed
timestamp=2026-04-01 08:08:20 index=web user=alice url=http://google.com action=allowed
timestamp=2026-04-01 08:08:25 index=web user=david url=http://linkedin.com action=allowed
timestamp=2026-04-01 08:08:30 index=web user=john.doe url=http://linkedin.com action=allowed
timestamp=2026-04-01 08:08:35 index=web user=david url=http://acme.com action=allowed
timestamp=2026-04-01 08:08:40 index=web user=emma url=http://acme.com action=allowed
timestamp=2026-04-01 08:08:45 index=web user=david url=http://linkedin.com action=allowed
timestamp=2026-04-01 08:08:50 index=web user=alice url=http://youtube.com action=allowed
timestamp=2026-04-01 08:08:55 index=web user=david url=http://google.com action=allowed
timestamp=2026-04-01 08:09:00 index=web user=david url=http://google.com action=allowed
timestamp=2026-04-01 08:09:05 index=web user=emma url=http://linkedin.com action=allowed
timestamp=2026-04-01 08:09:10 index=web user=bob url=http://google.com action=allowed
timestamp=2026-04-01 08:09:15 index=web user=bob url=http://google.com action=allowed
timestamp=2026-04-01 08:09:20 index=web user=john.doe url=http://linkedin.com action=allowed
timestamp=2026-04-01 08:09:25 index=web user=emma url=http://linkedin.com action=allowed
timestamp=2026-04-01 08:09:30 index=web user=bob url=http://youtube.com action=allowed
timestamp=2026-04-01 08:09:35 index=web user=emma url=http://google.com action=allowed
timestamp=2026-04-01 08:09:40 index=web user=john.doe url=http://youtube.com action=allowed
timestamp=2026-04-01 08:09:45 index=web user=bob url=http://youtube.com action=allowed
timestamp=2026-04-01 08:09:50 index=web user=bob url=http://google.com action=allowed
timestamp=2026-04-01 08:09:55 index=web user=emma url=http://linkedin.com action=allowed
timestamp=2026-04-01 08:10:00 index=web user=john.doe url=http://youtube.com action=allowed
timestamp=2026-04-01 08:10:05 index=web user=emma url=http://acme.com action=allowed
timestamp=2026-04-01 08:10:10 index=web user=david url=http://linkedin.com action=allowed
timestamp=2026-04-01 08:10:15 index=web user=bob url=http://google.com action=allowed
timestamp=2026-04-01 08:10:20 index=web user=bob url=http://linkedin.com action=allowed
timestamp=2026-04-01 08:10:25 index=web user=john.doe url=http://acme.com action=allowed
timestamp=2026-04-01 08:10:30 index=web user=alice url=http://google.com action=allowed
timestamp=2026-04-01 08:10:35 index=web user=emma url=http://acme.com action=allowed
timestamp=2026-04-01 08:10:40 index=web user=emma url=http://google.com action=allowed
timestamp=2026-04-01 08:10:45 index=web user=emma url=http://acme.com action=allowed
timestamp=2026-04-01 08:10:50 index=web user=emma url=http://linkedin.com action=allowed
timestamp=2026-04-01 08:10:55 index=web user=john.doe url=http://youtube.com action=allowed
timestamp=2026-04-01 08:11:00 index=web user=david url=http://linkedin.com action=allowed
timestamp=2026-04-01 08:11:05 index=web user=john.doe url=http://youtube.com action=allowed
timestamp=2026-04-01 08:11:10 index=web user=bob url=http://google.com action=allowed
timestamp=2026-04-01 08:11:15 index=web user=bob url=http://google.com action=allowed
timestamp=2026-04-01 08:11:20 index=web user=alice url=http://linkedin.com action=allowed
timestamp=2026-04-01 08:11:25 index=web user=alice url=http://google.com action=allowed
timestamp=2026-04-01 08:11:30 index=web user=alice url=http://youtube.com action=allowed
timestamp=2026-04-01 08:11:35 index=web user=alice url=http://linkedin.com action=allowed
timestamp=2026-04-01 08:11:40 index=web user=john.doe url=http://acme.com action=allowed
timestamp=2026-04-01 08:11:45 index=web user=alice url=http://linkedin.com action=allowed
timestamp=2026-04-01 08:11:50 index=web user=bob url=http://linkedin.com action=allowed
timestamp=2026-04-01 08:11:55 index=web user=john.doe url=http://google.com action=allowed
timestamp=2026-04-01 08:12:00 index=web user=david url=http://google.com action=allowed
timestamp=2026-04-01 08:12:05 index=web user=john.doe url=http://acme.com action=allowed
timestamp=2026-04-01 08:12:10 index=web user=john.doe url=http://youtube.com action=allowed
timestamp=2026-04-01 08:12:15 index=web user=alice url=http://linkedin.com action=allowed
timestamp=2026-04-01 08:12:20 index=web user=david url=http://youtube.com action=allowed
timestamp=2026-04-01 08:12:25 index=web user=john.doe url=http://google.com action=allowed
timestamp=2026-04-01 08:12:30 index=web user=david url=http://acme.com action=allowed
timestamp=2026-04-01 08:12:35 index=web user=john.doe url=http://linkedin.com action=allowed
timestamp=2026-04-01 08:12:40 index=web user=john.doe url=http://google.com action=allowed
timestamp=2026-04-01 08:12:45 index=web user=emma url=http://google.com action=allowed
timestamp=2026-04-01 08:12:50 index=web user=david url=http://linkedin.com action=allowed
timestamp=2026-04-01 08:12:55 index=web user=bob url=http://acme.com action=allowed
timestamp=2026-04-01 08:13:00 index=web user=bob url=http://acme.com action=allowed
timestamp=2026-04-01 08:13:05 index=web user=david url=http://youtube.com action=allowed
timestamp=2026-04-01 08:13:10 index=web user=david url=http://youtube.com action=allowed
timestamp=2026-04-01 08:13:15 index=web user=bob url=http://google.com action=allowed
timestamp=2026-04-01 08:13:20 index=web user=john.doe url=http://youtube.com action=allowed
timestamp=2026-04-01 08:13:25 index=web user=emma url=http://google.com action=allowed
timestamp=2026-04-01 08:13:30 index=web user=david url=http://acme.com action=allowed
timestamp=2026-04-01 08:13:35 index=web user=david url=http://linkedin.com action=allowed
timestamp=2026-04-01 08:13:40 index=web user=david url=http://google.com action=allowed
timestamp=2026-04-01 08:13:45 index=web user=alice url=http://youtube.com action=allowed
timestamp=2026-04-01 08:13:50 index=web user=alice url=http://google.com action=allowed
timestamp=2026-04-01 08:13:55 index=web user=david url=http://acme.com action=allowed
timestamp=2026-04-01 08:14:00 index=web user=john.doe url=http://google.com action=allowed
timestamp=2026-04-01 08:14:05 index=web user=emma url=http://google.com action=allowed
timestamp=2026-04-01 08:14:10 index=web user=john.doe url=http://google.com action=allowed
timestamp=2026-04-01 08:14:15 index=web user=bob url=http://acme.com action=allowed
timestamp=2026-04-01 08:14:20 index=web user=david url=http://google.com action=allowed
timestamp=2026-04-01 08:14:25 index=web user=alice url=http://acme.com action=allowed
timestamp=2026-04-01 08:14:30 index=web user=john.doe url=http://youtube.com action=allowed
timestamp=2026-04-01 08:14:35 index=web user=alice url=http://youtube.com action=allowed
timestamp=2026-04-01 08:14:40 index=web user=bob url=http://acme.com action=allowed
timestamp=2026-04-01 08:14:45 index=web user=david url=http://youtube.com action=allowed
timestamp=2026-04-01 08:14:50 index=web user=john.doe url=http://youtube.com action=allowed
timestamp=2026-04-01 08:14:55 index=web user=david url=http://linkedin.com action=allowed
timestamp=2026-04-01 08:15:00 index=web user=emma url=http://acme.com action=allowed
timestamp=2026-04-01 08:15:05 index=web user=david url=http://youtube.com action=allowed
timestamp=2026-04-01 08:15:10 index=web user=emma url=http://linkedin.com action=allowed
timestamp=2026-04-01 08:15:15 index=web user=emma url=http://youtube.com action=allowed
timestamp=2026-04-01 08:15:20 index=web user=alice url=http://google.com action=allowed
timestamp=2026-04-01 08:15:25 index=web user=david url=http://linkedin.com action=allowed
timestamp=2026-04-01 08:15:30 index=web user=david url=http://youtube.com action=allowed
timestamp=2026-04-01 08:15:35 index=web user=david url=http://youtube.com action=allowed
timestamp=2026-04-01 08:15:40 index=web user=david url=http://linkedin.com action=allowed
timestamp=2026-04-01 08:15:45 index=web user=alice url=http://linkedin.com action=allowed
timestamp=2026-04-01 08:15:50 index=web user=emma url=http://linkedin.com action=allowed
timestamp=2026-04-01 08:15:55 index=web user=alice url=http://youtube.com action=allowed
timestamp=2026-04-01 08:16:00 index=web user=david url=http://youtube.com action=allowed
timestamp=2026-04-01 08:16:05 index=web user=alice url=http://linkedin.com action=allowed
timestamp=2026-04-01 08:16:10 index=web user=david url=http://youtube.com action=allowed
timestamp=2026-04-01 08:16:15 index=web user=john.doe url=http://acme.com action=allowed
timestamp=2026-04-01 08:16:20 index=web user=bob url=http://acme.com action=allowed
timestamp=2026-04-01 08:16:25 index=web user=bob url=http://linkedin.com action=allowed
timestamp=2026-04-01 08:16:30 index=web user=alice url=http://youtube.com action=allowed
timestamp=2026-04-01 08:16:35 index=web user=alice url=http://linkedin.com action=allowed
timestamp=2026-04-01 08:16:40 index=web user=bob url=http://youtube.com action=allowed
timestamp=2026-04-01 08:16:45 index=web user=david url=http://acme.com action=allowed
timestamp=2026-04-01 08:16:50 index=web user=emma url=http://youtube.com action=allowed
timestamp=2026-04-01 08:16:55 index=web user=alice url=http://youtube.com action=allowed
timestamp=2026-04-01 08:17:00 index=web user=david url=http://linkedin.com action=allowed
timestamp=2026-04-01 08:17:05 index=web user=bob url=http://acme.com action=allowed
timestamp=2026-04-01 08:17:10 index=web user=bob url=http://google.com action=allowed
timestamp=2026-04-01 08:17:15 index=web user=alice url=http://linkedin.com action=allowed
timestamp=2026-04-01 08:17:20 index=web user=emma url=http://linkedin.com action=allowed
timestamp=2026-04-01 08:17:25 index=web user=alice url=http://youtube.com action=allowed
timestamp=2026-04-01 08:17:30 index=web user=alice url=http://google.com action=allowed
timestamp=2026-04-01 08:17:35 index=web user=bob url=http://youtube.com action=allowed
timestamp=2026-04-01 08:17:40 index=web user=david url=http://youtube.com action=allowed
timestamp=2026-04-01 08:17:45 index=web user=bob url=http://acme.com action=allowed
timestamp=2026-04-01 08:17:50 index=web user=alice url=http://acme.com action=allowed
timestamp=2026-04-01 08:17:55 index=web user=alice url=http://linkedin.com action=allowed
timestamp=2026-04-01 08:18:00 index=web user=emma url=http://google.com action=allowed
timestamp=2026-04-01 08:18:05 index=web user=john.doe url=http://acme.com action=allowed
timestamp=2026-04-01 08:18:10 index=web user=emma url=http://google.com action=allowed
timestamp=2026-04-01 08:18:15 index=web user=alice url=http://acme.com action=allowed
timestamp=2026-04-01 08:18:20 index=web user=emma url=http://google.com action=allowed
timestamp=2026-04-01 08:18:25 index=web user=bob url=http://youtube.com action=allowed
timestamp=2026-04-01 08:18:30 index=web user=david url=http://linkedin.com action=allowed
timestamp=2026-04-01 08:18:35 index=web user=david url=http://google.com action=allowed
timestamp=2026-04-01 08:18:40 index=web user=alice url=http://linkedin.com action=allowed
timestamp=2026-04-01 08:18:45 index=web user=bob url=http://google.com action=allowed
timestamp=2026-04-01 08:18:50 index=web user=emma url=http://google.com action=allowed
timestamp=2026-04-01 08:18:55 index=web user=john.doe url=http://google.com action=allowed
timestamp=2026-04-01 08:19:00 index=web user=alice url=http://google.com action=allowed
timestamp=2026-04-01 08:19:05 index=web user=bob url=http://linkedin.com action=allowed
timestamp=2026-04-01 08:19:10 index=web user=emma url=http://acme.com action=allowed
timestamp=2026-04-01 08:19:15 index=web user=john.doe url=http://youtube.com action=allowed
timestamp=2026-04-01 08:19:20 index=web user=emma url=http://google.com action=allowed
timestamp=2026-04-01 08:19:25 index=web user=david url=http://linkedin.com action=allowed
timestamp=2026-04-01 08:19:30 index=web user=alice url=http://acme.com action=allowed
timestamp=2026-04-01 08:19:35 index=web user=bob url=http://youtube.com action=allowed
timestamp=2026-04-01 08:19:40 index=web user=emma url=http://acme.com action=allowed
timestamp=2026-04-01 08:19:45 index=web user=bob url=http://linkedin.com action=allowed
timestamp=2026-04-01 08:19:50 index=web user=john.doe url=http://google.com action=allowed
timestamp=2026-04-01 08:19:55 index=web user=bob url=http://acme.com action=allowed
timestamp=2026-04-01 08:20:00 index=web user=alice url=http://google.com action=allowed
timestamp=2026-04-01 08:20:05 index=web user=emma url=http://youtube.com action=allowed
timestamp=2026-04-01 08:20:10 index=web user=emma url=http://linkedin.com action=allowed
timestamp=2026-04-01 08:20:15 index=web user=bob url=http://linkedin.com action=allowed
timestamp=2026-04-01 08:20:20 index=web user=alice url=http://google.com action=allowed
timestamp=2026-04-01 08:20:25 index=web user=david url=http://google.com action=allowed
timestamp=2026-04-01 08:20:30 index=web user=bob url=http://google.com action=allowed
timestamp=2026-04-01 08:20:35 index=web user=alice url=http://linkedin.com action=allowed
timestamp=2026-04-01 08:20:40 index=web user=john.doe url=http://acme.com action=allowed
timestamp=2026-04-01 08:20:45 index=web user=bob url=http://google.com action=allowed
timestamp=2026-04-01 08:20:50 index=web user=david url=http://linkedin.com action=allowed
timestamp=2026-04-01 08:20:55 index=web user=emma url=http://linkedin.com action=allowed
timestamp=2026-04-01 08:21:00 index=web user=alice url=http://acme.com action=allowed
timestamp=2026-04-01 08:21:05 index=web user=john.doe url=http://google.com action=allowed
timestamp=2026-04-01 08:21:10 index=web user=emma url=http://acme.com action=allowed
timestamp=2026-04-01 08:21:15 index=web user=emma url=http://linkedin.com action=allowed
timestamp=2026-04-01 08:21:20 index=web user=bob url=http://google.com action=allowed
timestamp=2026-04-01 08:21:25 index=web user=alice url=http://youtube.com action=allowed
timestamp=2026-04-01 08:21:30 index=web user=emma url=http://acme.com action=allowed
timestamp=2026-04-01 08:21:35 index=web user=alice url=http://acme.com action=allowed
timestamp=2026-04-01 08:21:40 index=web user=john.doe url=http://google.com action=allowed
timestamp=2026-04-01 08:21:45 index=web user=bob url=http://youtube.com action=allowed
timestamp=2026-04-01 08:21:50 index=web user=emma url=http://youtube.com action=allowed
timestamp=2026-04-01 08:21:55 index=web user=bob url=http://youtube.com action=allowed
timestamp=2026-04-01 08:22:00 index=web user=david url=http://linkedin.com action=allowed
timestamp=2026-04-01 08:22:05 index=web user=alice url=http://linkedin.com action=allowed
timestamp=2026-04-01 08:22:10 index=web user=alice url=http://google.com action=allowed
timestamp=2026-04-01 08:22:15 index=web user=alice url=http://google.com action=allowed
timestamp=2026-04-01 08:22:20 index=web user=john.doe url=http://acme.com action=allowed
timestamp=2026-04-01 08:22:25 index=web user=bob url=http://youtube.com action=allowed
timestamp=2026-04-01 08:22:30 index=web user=david url=http://acme.com action=allowed
timestamp=2026-04-01 08:22:35 index=web user=emma url=http://youtube.com action=allowed
timestamp=2026-04-01 08:22:40 index=web user=alice url=http://google.com action=allowed
timestamp=2026-04-01 08:22:45 index=web user=emma url=http://youtube.com action=allowed
timestamp=2026-04-01 08:22:50 index=web user=alice url=http://youtube.com action=allowed
timestamp=2026-04-01 08:22:55 index=web user=bob url=http://youtube.com action=allowed
timestamp=2026-04-01 08:23:00 index=web user=emma url=http://acme.com action=allowed
timestamp=2026-04-01 08:23:05 index=web user=david url=http://linkedin.com action=allowed
timestamp=2026-04-01 08:23:10 index=web user=john.doe url=http://acme.com action=allowed
timestamp=2026-04-01 08:23:15 index=web user=john.doe url=http://google.com action=allowed
timestamp=2026-04-01 08:23:20 index=web user=john.doe url=http://google.com action=allowed
timestamp=2026-04-01 08:23:25 index=web user=david url=http://youtube.com action=allowed
timestamp=2026-04-01 08:23:30 index=web user=john.doe url=http://google.com action=allowed
timestamp=2026-04-01 08:23:35 index=web user=bob url=http://linkedin.com action=allowed
timestamp=2026-04-01 08:23:40 index=web user=emma url=http://youtube.com action=allowed
timestamp=2026-04-01 08:23:45 index=web user=david url=http://youtube.com action=allowed
timestamp=2026-04-01 08:23:50 index=web user=david url=http://linkedin.com action=allowed
timestamp=2026-04-01 08:23:55 index=web user=bob url=http://linkedin.com action=allowed
timestamp=2026-04-01 08:24:00 index=web user=david url=http://youtube.com action=allowed
timestamp=2026-04-01 08:24:05 index=web user=bob url=http://youtube.com action=allowed
timestamp=2026-04-01 08:24:10 index=web user=bob url=http://google.com action=allowed
timestamp=2026-04-01 08:24:15 index=web user=bob url=http://youtube.com action=allowed
timestamp=2026-04-01 08:24:20 index=web user=bob url=http://youtube.com action=allowed
timestamp=2026-04-01 08:24:25 index=web user=david url=http://linkedin.com action=allowed
timestamp=2026-04-01 08:24:30 index=web user=emma url=http://linkedin.com action=allowed
timestamp=2026-04-01 08:24:35 index=web user=bob url=http://linkedin.com action=allowed
timestamp=2026-04-01 08:24:40 index=web user=john.doe url=http://linkedin.com action=allowed
timestamp=2026-04-01 08:24:45 index=web user=david url=http://google.com action=allowed
timestamp=2026-04-01 08:24:50 index=web user=john.doe url=http://google.com action=allowed
timestamp=2026-04-01 08:24:55 index=web user=john.doe url=http://linkedin.com action=allowed
timestamp=2026-04-01 08:25:00 index=web user=alice url=http://secure-login-acme.com action=allowed
timestamp=2026-04-01 08:25:05 index=web user=alice url=http://secure-login-acme.com action=allowed
timestamp=2026-04-01 08:25:10 index=web user=bob url=http://secure-login-acme.com action=allowed
timestamp=2026-04-01 08:25:15 index=web user=john.doe url=http://secure-login-acme.com action=allowed
timestamp=2026-04-01 08:25:20 index=web user=john.doe url=http://secure-login-acme.com action=allowed
timestamp=2026-04-01 08:25:25 index=web user=emma url=http://secure-login-acme.com action=allowed
timestamp=2026-04-01 08:25:30 index=web user=emma url=http://secure-login-acme.com action=allowed
timestamp=2026-04-01 08:25:35 index=web user=john.doe url=http://secure-login-acme.com action=allowed
timestamp=2026-04-01 08:25:40 index=web user=david url=http://secure-login-acme.com action=allowed
timestamp=2026-04-01 08:25:45 index=web user=bob url=http://secure-login-acme.com action=allowed
timestamp=2026-04-01 08:25:50 index=web user=john.doe url=http://secure-login-acme.com action=allowed
timestamp=2026-04-01 08:25:55 index=web user=john.doe url=http://secure-login-acme.com action=allowed
timestamp=2026-04-01 08:26:00 index=web user=bob url=http://secure-login-acme.com action=allowed
timestamp=2026-04-01 08:26:05 index=web user=david url=http://secure-login-acme.com action=allowed
timestamp=2026-04-01 08:26:10 index=web user=emma url=http://secure-login-acme.com action=allowed
timestamp=2026-04-01 08:26:15 index=web user=john.doe url=http://secure-login-acme.com action=allowed
timestamp=2026-04-01 08:26:20 index=web user=john.doe url=http://secure-login-acme.com action=allowed
timestamp=2026-04-01 08:26:25 index=web user=david url=http://secure-login-acme.com action=allowed
timestamp=2026-04-01 08:26:30 index=web user=john.doe url=http://secure-login-acme.com action=allowed
timestamp=2026-04-01 08:26:35 index=web user=david url=http://secure-login-acme.com action=allowed
timestamp=2026-04-01 08:26:40 index=web user=emma url=http://secure-login-acme.com action=allowed
timestamp=2026-04-01 08:26:45 index=web user=john.doe url=http://secure-login-acme.com action=allowed
timestamp=2026-04-01 08:26:50 index=web user=emma url=http://secure-login-acme.com action=allowed
timestamp=2026-04-01 08:26:55 index=web user=emma url=http://secure-login-acme.com action=allowed
timestamp=2026-04-01 08:27:00 index=web user=david url=http://secure-login-acme.com action=allowed
timestamp=2026-04-01 08:27:05 index=web user=david url=http://secure-login-acme.com action=allowed
timestamp=2026-04-01 08:27:10 index=web user=david url=http://secure-login-acme.com action=allowed
timestamp=2026-04-01 08:27:15 index=web user=emma url=http://secure-login-acme.com action=allowed
timestamp=2026-04-01 08:27:20 index=web user=emma url=http://secure-login-acme.com action=allowed
timestamp=2026-04-01 08:27:25 index=web user=alice url=http://secure-login-acme.com action=allowed
timestamp=2026-04-01 08:27:30 index=web user=alice url=http://secure-login-acme.com action=allowed
timestamp=2026-04-01 08:27:35 index=web user=bob url=http://secure-login-acme.com action=allowed
timestamp=2026-04-01 08:27:40 index=web user=emma url=http://secure-login-acme.com action=allowed
timestamp=2026-04-01 08:27:45 index=web user=david url=http://secure-login-acme.com action=allowed
timestamp=2026-04-01 08:27:50 index=web user=emma url=http://secure-login-acme.com action=allowed
timestamp=2026-04-01 08:27:55 index=web user=emma url=http://secure-login-acme.com action=allowed
timestamp=2026-04-01 08:28:00 index=web user=john.doe url=http://secure-login-acme.com action=allowed
timestamp=2026-04-01 08:28:05 index=web user=david url=http://secure-login-acme.com action=allowed
timestamp=2026-04-01 08:28:10 index=web user=david url=http://secure-login-acme.com action=allowed
timestamp=2026-04-01 08:28:15 index=web user=david url=http://secure-login-acme.com action=allowed
timestamp=2026-04-01 08:28:20 index=web user=bob url=http://secure-login-acme.com action=allowed
timestamp=2026-04-01 08:28:25 index=web user=bob url=http://secure-login-acme.com action=allowed
timestamp=2026-04-01 08:28:30 index=web user=bob url=http://secure-login-acme.com action=allowed
timestamp=2026-04-01 08:28:35 index=web user=alice url=http://secure-login-acme.com action=allowed
timestamp=2026-04-01 08:28:40 index=web user=john.doe url=http://secure-login-acme.com action=allowed
timestamp=2026-04-01 08:28:45 index=web user=john.doe url=http://secure-login-acme.com action=allowed
timestamp=2026-04-01 08:28:50 index=web user=david url=http://secure-login-acme.com action=allowed
timestamp=2026-04-01 08:28:55 index=web user=alice url=http://secure-login-acme.com action=allowed
timestamp=2026-04-01 08:29:00 index=web user=emma url=http://secure-login-acme.com action=allowed
timestamp=2026-04-01 08:29:05 index=web user=john.doe url=http://secure-login-acme.com action=allowed
timestamp=2026-04-01 08:29:10 index=web user=emma url=http://secure-login-acme.com action=allowed
timestamp=2026-04-01 08:29:15 index=web user=bob url=http://secure-login-acme.com action=allowed
timestamp=2026-04-01 08:29:20 index=web user=emma url=http://secure-login-acme.com action=allowed
timestamp=2026-04-01 08:29:25 index=web user=bob url=http://secure-login-acme.com action=allowed
timestamp=2026-04-01 08:29:30 index=web user=alice url=http://secure-login-acme.com action=allowed
timestamp=2026-04-01 08:29:35 index=web user=alice url=http://secure-login-acme.com action=allowed
timestamp=2026-04-01 08:29:40 index=web user=emma url=http://secure-login-acme.com action=allowed
timestamp=2026-04-01 08:29:45 index=web user=david url=http://secure-login-acme.com action=allowed
timestamp=2026-04-01 08:29:50 index=web user=john.doe url=http://secure-login-acme.com action=allowed
timestamp=2026-04-01 08:29:55 index=web user=john.doe url=http://secure-login-acme.com action=allowed
timestamp=2026-04-01 08:30:00 index=web user=david url=http://secure-login-acme.com action=allowed
timestamp=2026-04-01 08:30:05 index=web user=alice url=http://secure-login-acme.com action=allowed
timestamp=2026-04-01 08:30:10 index=web user=alice url=http://secure-login-acme.com action=allowed
timestamp=2026-04-01 08:30:15 index=web user=john.doe url=http://secure-login-acme.com action=allowed
timestamp=2026-04-01 08:30:20 index=web user=alice url=http://secure-login-acme.com action=allowed
timestamp=2026-04-01 08:30:25 index=web user=alice url=http://secure-login-acme.com action=allowed
timestamp=2026-04-01 08:30:30 index=web user=emma url=http://secure-login-acme.com action=allowed
timestamp=2026-04-01 08:30:35 index=web user=john.doe url=http://secure-login-acme.com action=allowed
timestamp=2026-04-01 08:30:40 index=web user=alice url=http://secure-login-acme.com action=allowed
timestamp=2026-04-01 08:30:45 index=web user=david url=http://secure-login-acme.com action=allowed
timestamp=2026-04-01 08:30:50 index=web user=david url=http://secure-login-acme.com action=allowed
timestamp=2026-04-01 08:30:55 index=web user=emma url=http://secure-login-acme.com action=allowed
timestamp=2026-04-01 08:31:00 index=web user=emma url=http://secure-login-acme.com action=allowed
timestamp=2026-04-01 08:31:05 index=web user=emma url=http://secure-login-acme.com action=allowed
timestamp=2026-04-01 08:31:10 index=web user=john.doe url=http://secure-login-acme.com action=allowed
timestamp=2026-04-01 08:31:15 index=web user=alice url=http://secure-login-acme.com action=allowed
timestamp=2026-04-01 08:31:20 index=web user=john.doe url=http://secure-login-acme.com action=allowed
timestamp=2026-04-01 08:31:25 index=web user=bob url=http://secure-login-acme.com action=allowed
timestamp=2026-04-01 08:31:30 index=web user=john.doe url=http://secure-login-acme.com action=allowed
timestamp=2026-04-01 08:31:35 index=web user=alice url=http://secure-login-acme.com action=allowed
timestamp=2026-04-01 08:31:40 index=web user=emma url=http://secure-login-acme.com action=allowed
timestamp=2026-04-01 08:31:45 index=web user=john.doe url=http://secure-login-acme.com action=allowed
timestamp=2026-04-01 08:31:50 index=web user=alice url=http://secure-login-acme.com action=allowed
timestamp=2026-04-01 08:31:55 index=web user=alice url=http://secure-login-acme.com action=allowed
timestamp=2026-04-01 08:32:00 index=web user=john.doe url=http://secure-login-acme.com action=allowed
timestamp=2026-04-01 08:32:05 index=web user=bob url=http://secure-login-acme.com action=allowed
timestamp=2026-04-01 08:32:10 index=web user=david url=http://secure-login-acme.com action=allowed
timestamp=2026-04-01 08:32:15 index=web user=emma url=http://secure-login-acme.com action=allowed
timestamp=2026-04-01 08:32:20 index=web user=john.doe url=http://secure-login-acme.com action=allowed
timestamp=2026-04-01 08:32:25 index=web user=john.doe url=http://secure-login-acme.com action=allowed
timestamp=2026-04-01 08:32:30 index=web user=alice url=http://secure-login-acme.com action=allowed
timestamp=2026-04-01 08:32:35 index=web user=david url=http://secure-login-acme.com action=allowed
timestamp=2026-04-01 08:32:40 index=web user=john.doe url=http://secure-login-acme.com action=allowed
timestamp=2026-04-01 08:32:45 index=web user=john.doe url=http://secure-login-acme.com action=allowed
timestamp=2026-04-01 08:32:50 index=web user=david url=http://secure-login-acme.com action=allowed
timestamp=2026-04-01 08:32:55 index=web user=emma url=http://secure-login-acme.com action=allowed
timestamp=2026-04-01 08:33:00 index=web user=emma url=http://secure-login-acme.com action=allowed
timestamp=2026-04-01 08:33:05 index=web user=bob url=http://secure-login-acme.com action=allowed
timestamp=2026-04-01 08:33:10 index=web user=david url=http://secure-login-acme.com action=allowed
timestamp=2026-04-01 08:33:15 index=web user=alice url=http://secure-login-acme.com action=allowed
timestamp=2026-04-01 08:33:20 index=web url=/login.php?id=1' OR '1'='1 status=500
timestamp=2026-04-01 08:33:20 index=web url=/upload.php file=shell.php
timestamp=2026-04-01 08:33:20 index=web url=/shell.php?cmd=whoami
timestamp=2026-04-01 08:33:25 index=web url=/login.php?id=1' OR '1'='1 status=500
timestamp=2026-04-01 08:33:25 index=web url=/upload.php file=shell.php
timestamp=2026-04-01 08:33:25 index=web url=/shell.php?cmd=whoami
timestamp=2026-04-01 08:33:30 index=web url=/login.php?id=1' OR '1'='1 status=500
timestamp=2026-04-01 08:33:30 index=web url=/upload.php file=shell.php
timestamp=2026-04-01 08:33:30 index=web url=/shell.php?cmd=whoami
timestamp=2026-04-01 08:33:35 index=web url=/login.php?id=1' OR '1'='1 status=500
timestamp=2026-04-01 08:33:35 index=web url=/upload.php file=shell.php
timestamp=2026-04-01 08:33:35 index=web url=/shell.php?cmd=whoami
timestamp=2026-04-01 08:33:40 index=web url=/login.php?id=1' OR '1'='1 status=500
timestamp=2026-04-01 08:33:40 index=web url=/upload.php file=shell.php
timestamp=2026-04-01 08:33:40 index=web url=/shell.php?cmd=whoami
timestamp=2026-04-01 08:33:45 index=web url=/login.php?id=1' OR '1'='1 status=500
timestamp=2026-04-01 08:33:45 index=web url=/upload.php file=shell.php
timestamp=2026-04-01 08:33:45 index=web url=/shell.php?cmd=whoami
timestamp=2026-04-01 08:33:50 index=web url=/login.php?id=1' OR '1'='1 status=500
timestamp=2026-04-01 08:33:50 index=web url=/upload.php file=shell.php
timestamp=2026-04-01 08:33:50 index=web url=/shell.php?cmd=whoami
timestamp=2026-04-01 08:33:55 index=web url=/login.php?id=1' OR '1'='1 status=500
timestamp=2026-04-01 08:33:55 index=web url=/upload.php file=shell.php
timestamp=2026-04-01 08:33:55 index=web url=/shell.php?cmd=whoami
timestamp=2026-04-01 08:34:00 index=web url=/login.php?id=1' OR '1'='1 status=500
timestamp=2026-04-01 08:34:00 index=web url=/upload.php file=shell.php
timestamp=2026-04-01 08:34:00 index=web url=/shell.php?cmd=whoami
timestamp=2026-04-01 08:34:05 index=web url=/login.php?id=1' OR '1'='1 status=500
timestamp=2026-04-01 08:34:05 index=web url=/upload.php file=shell.php
timestamp=2026-04-01 08:34:05 index=web url=/shell.php?cmd=whoami
timestamp=2026-04-01 08:34:10 index=web url=/login.php?id=1' OR '1'='1 status=500
timestamp=2026-04-01 08:34:10 index=web url=/upload.php file=shell.php
timestamp=2026-04-01 08:34:10 index=web url=/shell.php?cmd=whoami
timestamp=2026-04-01 08:34:15 index=web url=/login.php?id=1' OR '1'='1 status=500
timestamp=2026-04-01 08:34:15 index=web url=/upload.php file=shell.php
timestamp=2026-04-01 08:34:15 index=web url=/shell.php?cmd=whoami
timestamp=2026-04-01 08:34:20 index=web url=/login.php?id=1' OR '1'='1 status=500
timestamp=2026-04-01 08:34:20 index=web url=/upload.php file=shell.php
timestamp=2026-04-01 08:34:20 index=web url=/shell.php?cmd=whoami
timestamp=2026-04-01 08:34:25 index=web url=/login.php?id=1' OR '1'='1 status=500
timestamp=2026-04-01 08:34:25 index=web url=/upload.php file=shell.php
timestamp=2026-04-01 08:34:25 index=web url=/shell.php?cmd=whoami
timestamp=2026-04-01 08:34:30 index=web url=/login.php?id=1' OR '1'='1 status=500
timestamp=2026-04-01 08:34:30 index=web url=/upload.php file=shell.php
timestamp=2026-04-01 08:34:30 index=web url=/shell.php?cmd=whoami
timestamp=2026-04-01 08:34:35 index=web url=/login.php?id=1' OR '1'='1 status=500
timestamp=2026-04-01 08:34:35 index=web url=/upload.php file=shell.php
timestamp=2026-04-01 08:34:35 index=web url=/shell.php?cmd=whoami
timestamp=2026-04-01 08:34:40 index=web url=/login.php?id=1' OR '1'='1 status=500
timestamp=2026-04-01 08:34:40 index=web url=/upload.php file=shell.php
timestamp=2026-04-01 08:34:40 index=web url=/shell.php?cmd=whoami
timestamp=2026-04-01 08:34:45 index=web url=/login.php?id=1' OR '1'='1 status=500
timestamp=2026-04-01 08:34:45 index=web url=/upload.php file=shell.php
timestamp=2026-04-01 08:34:45 index=web url=/shell.php?cmd=whoami
timestamp=2026-04-01 08:34:50 index=web url=/login.php?id=1' OR '1'='1 status=500
timestamp=2026-04-01 08:34:50 index=web url=/upload.php file=shell.php
timestamp=2026-04-01 08:34:50 index=web url=/shell.php?cmd=whoami
timestamp=2026-04-01 08:34:55 index=web url=/login.php?id=1' OR '1'='1 status=500
timestamp=2026-04-01 08:34:55 index=web url=/upload.php file=shell.php
timestamp=2026-04-01 08:34:55 index=web url=/shell.php?cmd=whoami
timestamp=2026-04-01 08:35:00 index=web url=/login.php?id=1' OR '1'='1 status=500
timestamp=2026-04-01 08:35:00 index=web url=/upload.php file=shell.php
timestamp=2026-04-01 08:35:00 index=web url=/shell.php?cmd=whoami
timestamp=2026-04-01 08:35:05 index=web url=/login.php?id=1' OR '1'='1 status=500
timestamp=2026-04-01 08:35:05 index=web url=/upload.php file=shell.php
timestamp=2026-04-01 08:35:05 index=web url=/shell.php?cmd=whoami
timestamp=2026-04-01 08:35:10 index=web url=/login.php?id=1' OR '1'='1 status=500
timestamp=2026-04-01 08:35:10 index=web url=/upload.php file=shell.php
timestamp=2026-04-01 08:35:10 index=web url=/shell.php?cmd=whoami
timestamp=2026-04-01 08:35:15 index=web url=/login.php?id=1' OR '1'='1 status=500
timestamp=2026-04-01 08:35:15 index=web url=/upload.php file=shell.php
timestamp=2026-04-01 08:35:15 index=web url=/shell.php?cmd=whoami
timestamp=2026-04-01 08:35:20 index=web url=/login.php?id=1' OR '1'='1 status=500
timestamp=2026-04-01 08:35:20 index=web url=/upload.php file=shell.php
timestamp=2026-04-01 08:35:20 index=web url=/shell.php?cmd=whoami
timestamp=2026-04-01 08:35:25 index=web url=/login.php?id=1' OR '1'='1 status=500
timestamp=2026-04-01 08:35:25 index=web url=/upload.php file=shell.php
timestamp=2026-04-01 08:35:25 index=web url=/shell.php?cmd=whoami
timestamp=2026-04-01 08:35:30 index=web url=/login.php?id=1' OR '1'='1 status=500
timestamp=2026-04-01 08:35:30 index=web url=/upload.php file=shell.php
timestamp=2026-04-01 08:35:30 index=web url=/shell.php?cmd=whoami
timestamp=2026-04-01 08:35:35 index=web url=/login.php?id=1' OR '1'='1 status=500
timestamp=2026-04-01 08:35:35 index=web url=/upload.php file=shell.php
timestamp=2026-04-01 08:35:35 index=web url=/shell.php?cmd=whoami
timestamp=2026-04-01 08:35:40 index=web url=/login.php?id=1' OR '1'='1 status=500
timestamp=2026-04-01 08:35:40 index=web url=/upload.php file=shell.php
timestamp=2026-04-01 08:35:40 index=web url=/shell.php?cmd=whoami
timestamp=2026-04-01 08:35:45 index=web url=/login.php?id=1' OR '1'='1 status=500
timestamp=2026-04-01 08:35:45 index=web url=/upload.php file=shell.php
timestamp=2026-04-01 08:35:45 index=web url=/shell.php?cmd=whoami
timestamp=2026-04-01 08:35:50 index=web url=/login.php?id=1' OR '1'='1 status=500
timestamp=2026-04-01 08:35:50 index=web url=/upload.php file=shell.php
timestamp=2026-04-01 08:35:50 index=web url=/shell.php?cmd=whoami
timestamp=2026-04-01 08:35:55 index=web url=/login.php?id=1' OR '1'='1 status=500
timestamp=2026-04-01 08:35:55 index=web url=/upload.php file=shell.php
timestamp=2026-04-01 08:35:55 index=web url=/shell.php?cmd=whoami
timestamp=2026-04-01 08:36:00 index=web url=/login.php?id=1' OR '1'='1 status=500
timestamp=2026-04-01 08:36:00 index=web url=/upload.php file=shell.php
timestamp=2026-04-01 08:36:00 index=web url=/shell.php?cmd=whoami
timestamp=2026-04-01 08:36:05 index=web url=/login.php?id=1' OR '1'='1 status=500
timestamp=2026-04-01 08:36:05 index=web url=/upload.php file=shell.php
timestamp=2026-04-01 08:36:05 index=web url=/shell.php?cmd=whoami
timestamp=2026-04-01 08:36:10 index=web url=/login.php?id=1' OR '1'='1 status=500
timestamp=2026-04-01 08:36:10 index=web url=/upload.php file=shell.php
timestamp=2026-04-01 08:36:10 index=web url=/shell.php?cmd=whoami
timestamp=2026-04-01 08:36:15 index=web url=/login.php?id=1' OR '1'='1 status=500
timestamp=2026-04-01 08:36:15 index=web url=/upload.php file=shell.php
timestamp=2026-04-01 08:36:15 index=web url=/shell.php?cmd=whoami
timestamp=2026-04-01 08:36:20 index=web url=/login.php?id=1' OR '1'='1 status=500
timestamp=2026-04-01 08:36:20 index=web url=/upload.php file=shell.php
timestamp=2026-04-01 08:36:20 index=web url=/shell.php?cmd=whoami
timestamp=2026-04-01 08:36:25 index=web url=/login.php?id=1' OR '1'='1 status=500
timestamp=2026-04-01 08:36:25 index=web url=/upload.php file=shell.php
timestamp=2026-04-01 08:36:25 index=web url=/shell.php?cmd=whoami
timestamp=2026-04-01 08:36:30 index=web url=/login.php?id=1' OR '1'='1 status=500
timestamp=2026-04-01 08:36:30 index=web url=/upload.php file=shell.php
timestamp=2026-04-01 08:36:30 index=web url=/shell.php?cmd=whoami
timestamp=2026-04-01 08:36:35 index=web url=/login.php?id=1' OR '1'='1 status=500
timestamp=2026-04-01 08:36:35 index=web url=/upload.php file=shell.php
timestamp=2026-04-01 08:36:35 index=web url=/shell.php?cmd=whoami
timestamp=2026-04-01 08:36:40 index=web url=/login.php?id=1' OR '1'='1 status=500
timestamp=2026-04-01 08:36:40 index=web url=/upload.php file=shell.php
timestamp=2026-04-01 08:36:40 index=web url=/shell.php?cmd=whoami
timestamp=2026-04-01 08:36:45 index=web url=/login.php?id=1' OR '1'='1 status=500
timestamp=2026-04-01 08:36:45 index=web url=/upload.php file=shell.php
timestamp=2026-04-01 08:36:45 index=web url=/shell.php?cmd=whoami
timestamp=2026-04-01 08:36:50 index=web url=/login.php?id=1' OR '1'='1 status=500
timestamp=2026-04-01 08:36:50 index=web url=/upload.php file=shell.php
timestamp=2026-04-01 08:36:50 index=web url=/shell.php?cmd=whoami
timestamp=2026-04-01 08:36:55 index=web url=/login.php?id=1' OR '1'='1 status=500
timestamp=2026-04-01 08:36:55 index=web url=/upload.php file=shell.php
timestamp=2026-04-01 08:36:55 index=web url=/shell.php?cmd=whoami
timestamp=2026-04-01 08:37:00 index=web url=/login.php?id=1' OR '1'='1 status=500
timestamp=2026-04-01 08:37:00 index=web url=/upload.php file=shell.php
timestamp=2026-04-01 08:37:00 index=web url=/shell.php?cmd=whoami
timestamp=2026-04-01 08:37:05 index=web url=/login.php?id=1' OR '1'='1 status=500
timestamp=2026-04-01 08:37:05 index=web url=/upload.php file=shell.php
timestamp=2026-04-01 08:37:05 index=web url=/shell.php?cmd=whoami
timestamp=2026-04-01 08:37:10 index=web url=/login.php?id=1' OR '1'='1 status=500
timestamp=2026-04-01 08:37:10 index=web url=/upload.php file=shell.php
timestamp=2026-04-01 08:37:10 index=web url=/shell.php?cmd=whoami
timestamp=2026-04-01 08:37:15 index=web url=/login.php?id=1' OR '1'='1 status=500
timestamp=2026-04-01 08:37:15 index=web url=/upload.php file=shell.php
timestamp=2026-04-01 08:37:15 index=web url=/shell.php?cmd=whoami
timestamp=2026-04-01 08:37:20 index=web url=/login.php?id=1' OR '1'='1 status=500
timestamp=2026-04-01 08:37:20 index=web url=/upload.php file=shell.php
timestamp=2026-04-01 08:37:20 index=web url=/shell.php?cmd=whoami
timestamp=2026-04-01 08:37:25 index=web url=/login.php?id=1' OR '1'='1 status=500
timestamp=2026-04-01 08:37:25 index=web url=/upload.php file=shell.php
timestamp=2026-04-01 08:37:25 index=web url=/shell.php?cmd=whoami
timestamp=2026-04-01 08:37:30 index=web url=/login.php?id=1' OR '1'='1 status=500
timestamp=2026-04-01 08:37:30 index=web url=/upload.php file=shell.php
timestamp=2026-04-01 08:37:30 index=web url=/shell.php?cmd=whoami
timestamp=2026-04-01 08:37:35 index=web url=/login.php?id=1' OR '1'='1 status=500
timestamp=2026-04-01 08:37:35 index=web url=/upload.php file=shell.php
timestamp=2026-04-01 08:37:35 index=web url=/shell.php?cmd=whoami
timestamp=2026-04-01 08:37:40 index=web url=/login.php?id=1' OR '1'='1 status=500
timestamp=2026-04-01 08:37:40 index=web url=/upload.php file=shell.php
timestamp=2026-04-01 08:37:40 index=web url=/shell.php?cmd=whoami
timestamp=2026-04-01 08:37:45 index=web url=/login.php?id=1' OR '1'='1 status=500
timestamp=2026-04-01 08:37:45 index=web url=/upload.php file=shell.php
timestamp=2026-04-01 08:37:45 index=web url=/shell.php?cmd=whoami
timestamp=2026-04-01 08:37:50 index=web url=/login.php?id=1' OR '1'='1 status=500
timestamp=2026-04-01 08:37:50 index=web url=/upload.php file=shell.php
timestamp=2026-04-01 08:37:50 index=web url=/shell.php?cmd=whoami
timestamp=2026-04-01 08:37:55 index=web url=/login.php?id=1' OR '1'='1 status=500
timestamp=2026-04-01 08:37:55 index=web url=/upload.php file=shell.php
timestamp=2026-04-01 08:37:55 index=web url=/shell.php?cmd=whoami
timestamp=2026-04-01 08:38:00 index=web url=/login.php?id=1' OR '1'='1 status=500
timestamp=2026-04-01 08:38:00 index=web url=/upload.php file=shell.php
timestamp=2026-04-01 08:38:00 index=web url=/shell.php?cmd=whoami
timestamp=2026-04-01 08:38:05 index=web url=/login.php?id=1' OR '1'='1 status=500
timestamp=2026-04-01 08:38:05 index=web url=/upload.php file=shell.php
timestamp=2026-04-01 08:38:05 index=web url=/shell.php?cmd=whoami
timestamp=2026-04-01 08:38:10 index=web url=/login.php?id=1' OR '1'='1 status=500
timestamp=2026-04-01 08:38:10 index=web url=/upload.php file=shell.php
timestamp=2026-04-01 08:38:10 index=web url=/shell.php?cmd=whoami
timestamp=2026-04-01 08:38:15 index=web url=/login.php?id=1' OR '1'='1 status=500
timestamp=2026-04-01 08:38:15 index=web url=/upload.php file=shell.php
timestamp=2026-04-01 08:38:15 index=web url=/shell.php?cmd=whoami
timestamp=2026-04-01 08:38:20 index=web url=/login.php?id=1' OR '1'='1 status=500
timestamp=2026-04-01 08:38:20 index=web url=/upload.php file=shell.php
timestamp=2026-04-01 08:38:20 index=web url=/shell.php?cmd=whoami
timestamp=2026-04-01 08:38:25 index=web url=/login.php?id=1' OR '1'='1 status=500
timestamp=2026-04-01 08:38:25 index=web url=/upload.php file=shell.php
timestamp=2026-04-01 08:38:25 index=web url=/shell.php?cmd=whoami
timestamp=2026-04-01 08:38:30 index=web url=/login.php?id=1' OR '1'='1 status=500
timestamp=2026-04-01 08:38:30 index=web url=/upload.php file=shell.php
timestamp=2026-04-01 08:38:30 index=web url=/shell.php?cmd=whoami
timestamp=2026-04-01 08:38:35 index=web url=/login.php?id=1' OR '1'='1 status=500
timestamp=2026-04-01 08:38:35 index=web url=/upload.php file=shell.php
timestamp=2026-04-01 08:38:35 index=web url=/shell.php?cmd=whoami
timestamp=2026-04-01 08:38:40 index=web url=/login.php?id=1' OR '1'='1 status=500
timestamp=2026-04-01 08:38:40 index=web url=/upload.php file=shell.php
timestamp=2026-04-01 08:38:40 index=web url=/shell.php?cmd=whoami
timestamp=2026-04-01 08:38:45 index=web url=/login.php?id=1' OR '1'='1 status=500
timestamp=2026-04-01 08:38:45 index=web url=/upload.php file=shell.php
timestamp=2026-04-01 08:38:45 index=web url=/shell.php?cmd=whoami
timestamp=2026-04-01 08:38:50 index=web url=/login.php?id=1' OR '1'='1 status=500
timestamp=2026-04-01 08:38:50 index=web url=/upload.php file=shell.php
timestamp=2026-04-01 08:38:50 index=web url=/shell.php?cmd=whoami
timestamp=2026-04-01 08:38:55 index=web url=/login.php?id=1' OR '1'='1 status=500
timestamp=2026-04-01 08:38:55 index=web url=/upload.php file=shell.php
timestamp=2026-04-01 08:38:55 index=web url=/shell.php?cmd=whoami
timestamp=2026-04-01 08:39:00 index=web url=/login.php?id=1' OR '1'='1 status=500
timestamp=2026-04-01 08:39:00 index=web url=/upload.php file=shell.php
timestamp=2026-04-01 08:39:00 index=web url=/shell.php?cmd=whoami
timestamp=2026-04-01 08:39:05 index=web url=/login.php?id=1' OR '1'='1 status=500
timestamp=2026-04-01 08:39:05 index=web url=/upload.php file=shell.php
timestamp=2026-04-01 08:39:05 index=web url=/shell.php?cmd=whoami
timestamp=2026-04-01 08:39:10 index=web url=/login.php?id=1' OR '1'='1 status=500
timestamp=2026-04-01 08:39:10 index=web url=/upload.php file=shell.php
timestamp=2026-04-01 08:39:10 index=web url=/shell.php?cmd=whoami
timestamp=2026-04-01 08:39:15 index=web url=/login.php?id=1' OR '1'='1 status=500
timestamp=2026-04-01 08:39:15 index=web url=/upload.php file=shell.php
timestamp=2026-04-01 08:39:15 index=web url=/shell.php?cmd=whoami
timestamp=2026-04-01 08:39:20 index=web url=/login.php?id=1' OR '1'='1 status=500
timestamp=2026-04-01 08:39:20 index=web url=/upload.php file=shell.php
timestamp=2026-04-01 08:39:20 index=web url=/shell.php?cmd=whoami
timestamp=2026-04-01 08:39:25 index=web url=/login.php?id=1' OR '1'='1 status=500
timestamp=2026-04-01 08:39:25 index=web url=/upload.php file=shell.php
timestamp=2026-04-01 08:39:25 index=web url=/shell.php?cmd=whoami
timestamp=2026-04-01 08:39:30 index=web url=/login.php?id=1' OR '1'='1 status=500
timestamp=2026-04-01 08:39:30 index=web url=/upload.php file=shell.php
timestamp=2026-04-01 08:39:30 index=web url=/shell.php?cmd=whoami
timestamp=2026-04-01 08:39:35 index=web url=/login.php?id=1' OR '1'='1 status=500
timestamp=2026-04-01 08:39:35 index=web url=/upload.php file=shell.php
timestamp=2026-04-01 08:39:35 index=web url=/shell.php?cmd=whoami
timestamp=2026-04-01 08:39:40 index=web url=/login.php?id=1' OR '1'='1 status=500
timestamp=2026-04-01 08:39:40 index=web url=/upload.php file=shell.php
timestamp=2026-04-01 08:39:40 index=web url=/shell.php?cmd=whoami
timestamp=2026-04-01 08:39:45 index=web url=/login.php?id=1' OR '1'='1 status=500
timestamp=2026-04-01 08:39:45 index=web url=/upload.php file=shell.php
timestamp=2026-04-01 08:39:45 index=web url=/shell.php?cmd=whoami
timestamp=2026-04-01 08:39:50 index=web url=/login.php?id=1' OR '1'='1 status=500
timestamp=2026-04-01 08:39:50 index=web url=/upload.php file=shell.php
timestamp=2026-04-01 08:39:50 index=web url=/shell.php?cmd=whoami
timestamp=2026-04-01 08:39:55 index=web url=/login.php?id=1' OR '1'='1 status=500
timestamp=2026-04-01 08:39:55 index=web url=/upload.php file=shell.php
timestamp=2026-04-01 08:39:55 index=web url=/shell.php?cmd=whoami
timestamp=2026-04-01 08:40:00 index=web url=/login.php?id=1' OR '1'='1 status=500
timestamp=2026-04-01 08:40:00 index=web url=/upload.php file=shell.php
timestamp=2026-04-01 08:40:00 index=web url=/shell.php?cmd=whoami
timestamp=2026-04-01 08:40:05 index=web url=/login.php?id=1' OR '1'='1 status=500
timestamp=2026-04-01 08:40:05 index=web url=/upload.php file=shell.php
timestamp=2026-04-01 08:40:05 index=web url=/shell.php?cmd=whoami
timestamp=2026-04-01 08:40:10 index=web url=/login.php?id=1' OR '1'='1 status=500
timestamp=2026-04-01 08:40:10 index=web url=/upload.php file=shell.php
timestamp=2026-04-01 08:40:10 index=web url=/shell.php?cmd=whoami
timestamp=2026-04-01 08:40:15 index=web url=/login.php?id=1' OR '1'='1 status=500
timestamp=2026-04-01 08:40:15 index=web url=/upload.php file=shell.php
timestamp=2026-04-01 08:40:15 index=web url=/shell.php?cmd=whoami
timestamp=2026-04-01 08:40:20 index=web url=/login.php?id=1' OR '1'='1 status=500
timestamp=2026-04-01 08:40:20 index=web url=/upload.php file=shell.php
timestamp=2026-04-01 08:40:20 index=web url=/shell.php?cmd=whoami
timestamp=2026-04-01 08:40:25 index=web url=/login.php?id=1' OR '1'='1 status=500
timestamp=2026-04-01 08:40:25 index=web url=/upload.php file=shell.php
timestamp=2026-04-01 08:40:25 index=web url=/shell.php?cmd=whoami
timestamp=2026-04-01 08:40:30 index=web url=/login.php?id=1' OR '1'='1 status=500
timestamp=2026-04-01 08:40:30 index=web url=/upload.php file=shell.php
timestamp=2026-04-01 08:40:30 index=web url=/shell.php?cmd=whoami
timestamp=2026-04-01 08:40:35 index=web url=/login.php?id=1' OR '1'='1 status=500
timestamp=2026-04-01 08:40:35 index=web url=/upload.php file=shell.php
timestamp=2026-04-01 08:40:35 index=web url=/shell.php?cmd=whoami
timestamp=2026-04-01 08:40:40 index=web url=/login.php?id=1' OR '1'='1 status=500
timestamp=2026-04-01 08:40:40 index=web url=/upload.php file=shell.php
timestamp=2026-04-01 08:40:40 index=web url=/shell.php?cmd=whoami
timestamp=2026-04-01 08:40:45 index=web url=/login.php?id=1' OR '1'='1 status=500
timestamp=2026-04-01 08:40:45 index=web url=/upload.php file=shell.php
timestamp=2026-04-01 08:40:45 index=web url=/shell.php?cmd=whoami
timestamp=2026-04-01 08:40:50 index=web url=/login.php?id=1' OR '1'='1 status=500
timestamp=2026-04-01 08:40:50 index=web url=/upload.php file=shell.php
timestamp=2026-04-01 08:40:50 index=web url=/shell.php?cmd=whoami
timestamp=2026-04-01 08:40:55 index=web url=/login.php?id=1' OR '1'='1 status=500
timestamp=2026-04-01 08:40:55 index=web url=/upload.php file=shell.php
timestamp=2026-04-01 08:40:55 index=web url=/shell.php?cmd=whoami
timestamp=2026-04-01 08:41:00 index=web url=/login.php?id=1' OR '1'='1 status=500
timestamp=2026-04-01 08:41:00 index=web url=/upload.php file=shell.php
timestamp=2026-04-01 08:41:00 index=web url=/shell.php?cmd=whoami
timestamp=2026-04-01 08:41:05 index=web url=/login.php?id=1' OR '1'='1 status=500
timestamp=2026-04-01 08:41:05 index=web url=/upload.php file=shell.php
timestamp=2026-04-01 08:41:05 index=web url=/shell.php?cmd=whoami
timestamp=2026-04-01 08:41:10 index=web url=/login.php?id=1' OR '1'='1 status=500
timestamp=2026-04-01 08:41:10 index=web url=/upload.php file=shell.php
timestamp=2026-04-01 08:41:10 index=web url=/shell.php?cmd=whoami
timestamp=2026-04-01 08:41:15 index=web url=/login.php?id=1' OR '1'='1 status=500
timestamp=2026-04-01 08:41:15 index=web url=/upload.php file=shell.php
timestamp=2026-04-01 08:41:15 index=web url=/shell.php?cmd=whoami
timestamp=2026-04-01 08:41:20 index=web url=/login.php?id=1' OR '1'='1 status=500
timestamp=2026-04-01 08:41:20 index=web url=/upload.php file=shell.php
timestamp=2026-04-01 08:41:20 index=web url=/shell.php?cmd=whoami
timestamp=2026-04-01 08:41:25 index=web url=/login.php?id=1' OR '1'='1 status=500
timestamp=2026-04-01 08:41:25 index=web url=/upload.php file=shell.php
timestamp=2026-04-01 08:41:25 index=web url=/shell.php?cmd=whoami
timestamp=2026-04-01 08:41:30 index=web url=/login.php?id=1' OR '1'='1 status=500
timestamp=2026-04-01 08:41:30 index=web url=/upload.php file=shell.php
timestamp=2026-04-01 08:41:30 index=web url=/shell.php?cmd=whoami
timestamp=2026-04-01 08:41:35 index=web url=/login.php?id=1' OR '1'='1 status=500
timestamp=2026-04-01 08:41:35 index=web url=/upload.php file=shell.php
timestamp=2026-04-01 08:41:35 index=web url=/shell.php?cmd=whoami
timestamp=2026-04-01 09:40:00 index=web url=http://phish-apt.com
timestamp=2026-04-01 09:40:05 index=web url=http://phish-apt.com
timestamp=2026-04-01 09:40:10 index=web url=http://phish-apt.com
timestamp=2026-04-01 09:40:15 index=web url=http://phish-apt.com
timestamp=2026-04-01 09:40:20 index=web url=http://phish-apt.com
timestamp=2026-04-01 09:40:25 index=web url=http://phish-apt.com
timestamp=2026-04-01 09:40:30 index=web url=http://phish-apt.com
timestamp=2026-04-01 09:40:35 index=web url=http://phish-apt.com
timestamp=2026-04-01 09:40:40 index=web url=http://phish-apt.com
timestamp=2026-04-01 09:40:45 index=web url=http://phish-apt.com
timestamp=2026-04-01 09:40:50 index=web url=http://phish-apt.com
timestamp=2026-04-01 09:40:55 index=web url=http://phish-apt.com
timestamp=2026-04-01 09:41:00 index=web url=http://phish-apt.com
timestamp=2026-04-01 09:41:05 index=web url=http://phish-apt.com
timestamp=2026-04-01 09:41:10 index=web url=http://phish-apt.com
timestamp=2026-04-01 09:41:15 index=web url=http://phish-apt.com
timestamp=2026-04-01 09:41:20 index=web url=http://phish-apt.com
timestamp=2026-04-01 09:41:25 index=web url=http://phish-apt.com
timestamp=2026-04-01 09:41:30 index=web url=http://phish-apt.com
timestamp=2026-04-01 09:41:35 index=web url=http://phish-apt.com
timestamp=2026-04-01 09:41:40 index=web url=http://phish-apt.com
timestamp=2026-04-01 09:41:45 index=web url=http://phish-apt.com
timestamp=2026-04-01 09:41:50 index=web url=http://phish-apt.com
timestamp=2026-04-01 09:41:55 index=web url=http://phish-apt.com
timestamp=2026-04-01 09:42:00 index=web url=http://phish-apt.com
timestamp=2026-04-01 09:42:05 index=web url=http://phish-apt.com
timestamp=2026-04-01 09:42:10 index=web url=http://phish-apt.com
timestamp=2026-04-01 09:42:15 index=web url=http://phish-apt.com
timestamp=2026-04-01 09:42:20 index=web url=http://phish-apt.com
timestamp=2026-04-01 09:42:25 index=web url=http://phish-apt.com
timestamp=2026-04-01 09:42:30 index=web url=http://phish-apt.com
timestamp=2026-04-01 09:42:35 index=web url=http://phish-apt.com
timestamp=2026-04-01 09:42:40 index=web url=http://phish-apt.com
timestamp=2026-04-01 09:42:45 index=web url=http://phish-apt.com
timestamp=2026-04-01 09:42:50 index=web url=http://phish-apt.com
timestamp=2026-04-01 09:42:55 index=web url=http://phish-apt.com
timestamp=2026-04-01 09:43:00 index=web url=http://phish-apt.com
timestamp=2026-04-01 09:43:05 index=web url=http://phish-apt.com
timestamp=2026-04-01 09:43:10 index=web url=http://phish-apt.com
timestamp=2026-04-01 09:43:15 index=web url=http://phish-apt.com
timestamp=2026-04-01 09:43:20 index=web url=http://phish-apt.com
timestamp=2026-04-01 09:43:25 index=web url=http://phish-apt.com
timestamp=2026-04-01 09:43:30 index=web url=http://phish-apt.com
timestamp=2026-04-01 09:43:35 index=web url=http://phish-apt.com
timestamp=2026-04-01 09:43:40 index=web url=http://phish-apt.com
timestamp=2026-04-01 09:43:45 index=web url=http://phish-apt.com
timestamp=2026-04-01 09:43:50 index=web url=http://phish-apt.com
timestamp=2026-04-01 09:43:55 index=web url=http://phish-apt.com
timestamp=2026-04-01 09:44:00 index=web url=http://phish-apt.com
timestamp=2026-04-01 09:44:05 index=web url=http://phish-apt.com
timestamp=2026-04-01 09:44:10 index=web url=http://phish-apt.com
timestamp=2026-04-01 09:44:15 index=web url=http://phish-apt.com
timestamp=2026-04-01 09:44:20 index=web url=http://phish-apt.com
timestamp=2026-04-01 09:44:25 index=web url=http://phish-apt.com
timestamp=2026-04-01 09:44:30 index=web url=http://phish-apt.com
timestamp=2026-04-01 09:44:35 index=web url=http://phish-apt.com
timestamp=2026-04-01 09:44:40 index=web url=http://phish-apt.com
timestamp=2026-04-01 09:44:45 index=web url=http://phish-apt.com
timestamp=2026-04-01 09:44:50 index=web url=http://phish-apt.com
timestamp=2026-04-01 09:44:55 index=web url=http://phish-apt.com
timestamp=2026-04-01 09:45:00 index=web url=http://phish-apt.com
timestamp=2026-04-01 09:45:05 index=web url=http://phish-apt.com
timestamp=2026-04-01 09:45:10 index=web url=http://phish-apt.com
timestamp=2026-04-01 09:45:15 index=web url=http://phish-apt.com
timestamp=2026-04-01 09:45:20 index=web url=http://phish-apt.com
timestamp=2026-04-01 09:45:25 index=web url=http://phish-apt.com
timestamp=2026-04-01 09:45:30 index=web url=http://phish-apt.com
timestamp=2026-04-01 09:45:35 index=web url=http://phish-apt.com
timestamp=2026-04-01 09:45:40 index=web url=http://phish-apt.com
timestamp=2026-04-01 09:45:45 index=web url=http://phish-apt.com
timestamp=2026-04-01 09:45:50 index=web url=http://phish-apt.com
timestamp=2026-04-01 09:45:55 index=web url=http://phish-apt.com
timestamp=2026-04-01 09:46:00 index=web url=http://phish-apt.com
timestamp=2026-04-01 09:46:05 index=web url=http://phish-apt.com
timestamp=2026-04-01 09:46:10 index=web url=http://phish-apt.com
timestamp=2026-04-01 09:46:15 index=web url=http://phish-apt.com
timestamp=2026-04-01 09:46:20 index=web url=http://phish-apt.com
timestamp=2026-04-01 09:46:25 index=web url=http://phish-apt.com
timestamp=2026-04-01 09:46:30 index=web url=http://phish-apt.com
timestamp=2026-04-01 09:46:35 index=web url=http://phish-apt.com
timestamp=2026-04-01 09:46:40 index=web url=http://phish-apt.com
timestamp=2026-04-01 09:46:45 index=web url=http://phish-apt.com
timestamp=2026-04-01 09:46:50 index=web url=http://phish-apt.com
timestamp=2026-04-01 09:46:55 index=web url=http://phish-apt.com
timestamp=2026-04-01 09:47:00 index=web url=http://phish-apt.com
timestamp=2026-04-01 09:47:05 index=web url=http://phish-apt.com
timestamp=2026-04-01 09:47:10 index=web url=http://phish-apt.com
timestamp=2026-04-01 09:47:15 index=web url=http://phish-apt.com
timestamp=2026-04-01 09:47:20 index=web url=http://phish-apt.com
timestamp=2026-04-01 09:47:25 index=web url=http://phish-apt.com
timestamp=2026-04-01 09:47:30 index=web url=http://phish-apt.com
timestamp=2026-04-01 09:47:35 index=web url=http://phish-apt.com
timestamp=2026-04-01 09:47:40 index=web url=http://phish-apt.com
timestamp=2026-04-01 09:47:45 index=web url=http://phish-apt.com
timestamp=2026-04-01 09:47:50 index=web url=http://phish-apt.com
timestamp=2026-04-01 09:47:55 index=web url=http://phish-apt.com
timestamp=2026-04-01 09:48:00 index=web url=http://phish-apt.com
timestamp=2026-04-01 09:48:05 index=web url=http://phish-apt.com
timestamp=2026-04-01 09:48:10 index=web url=http://phish-apt.com
timestamp=2026-04-01 09:48:15 index=web url=http://phish-apt.com
timestamp=2026-04-01 09:48:20 index=web url=http://phish-apt.com
timestamp=2026-04-01 09:48:25 index=web url=http://phish-apt.com
timestamp=2026-04-01 09:48:30 index=web url=http://phish-apt.com
timestamp=2026-04-01 09:48:35 index=web url=http://phish-apt.com
timestamp=2026-04-01 09:48:40 index=web url=http://phish-apt.com
timestamp=2026-04-01 09:48:45 index=web url=http://phish-apt.com
timestamp=2026-04-01 09:48:50 index=web url=http://phish-apt.com
timestamp=2026-04-01 09:48:55 index=web url=http://phish-apt.com
timestamp=2026-04-01 09:49:00 index=web url=http://phish-apt.com
timestamp=2026-04-01 09:49:05 index=web url=http://phish-apt.com
timestamp=2026-04-01 09:49:10 index=web url=http://phish-apt.com
timestamp=2026-04-01 09:49:15 index=web url=http://phish-apt.com
timestamp=2026-04-01 09:49:20 index=web url=http://phish-apt.com
timestamp=2026-04-01 09:49:25 index=web url=http://phish-apt.com
timestamp=2026-04-01 09:49:30 index=web url=http://phish-apt.com
timestamp=2026-04-01 09:49:35 index=web url=http://phish-apt.com
timestamp=2026-04-01 09:49:40 index=web url=http://phish-apt.com
timestamp=2026-04-01 09:49:45 index=web url=http://phish-apt.com
timestamp=2026-04-01 09:49:50 index=web url=http://phish-apt.com
timestamp=2026-04-01 09:49:55 index=web url=http://phish-apt.com
timestamp=2026-04-01 09:50:00 index=web url=http://phish-apt.com
timestamp=2026-04-01 09:50:05 index=web url=http://phish-apt.com
timestamp=2026-04-01 09:50:10 index=web url=http://phish-apt.com
timestamp=2026-04-01 09:50:15 index=web url=http://phish-apt.com
timestamp=2026-04-01 09:50:20 index=web url=http://phish-apt.com
timestamp=2026-04-01 09:50:25 index=web url=http://phish-apt.com
timestamp=2026-04-01 09:50:30 index=web url=http://phish-apt.com
timestamp=2026-04-01 09:50:35 index=web url=http://phish-apt.com
timestamp=2026-04-01 09:50:40 index=web url=http://phish-apt.com
timestamp=2026-04-01 09:50:45 index=web url=http://phish-apt.com
timestamp=2026-04-01 09:50:50 index=web url=http://phish-apt.com
timestamp=2026-04-01 09:50:55 index=web url=http://phish-apt.com
timestamp=2026-04-01 09:51:00 index=web url=http://phish-apt.com
timestamp=2026-04-01 09:51:05 index=web url=http://phish-apt.com
timestamp=2026-04-01 09:51:10 index=web url=http://phish-apt.com
timestamp=2026-04-01 09:51:15 index=web url=http://phish-apt.com
timestamp=2026-04-01 09:51:20 index=web url=http://phish-apt.com
timestamp=2026-04-01 09:51:25 index=web url=http://phish-apt.com
timestamp=2026-04-01 09:51:30 index=web url=http://phish-apt.com
timestamp=2026-04-01 09:51:35 index=web url=http://phish-apt.com
timestamp=2026-04-01 09:51:40 index=web url=http://phish-apt.com
timestamp=2026-04-01 09:51:45 index=web url=http://phish-apt.com
timestamp=2026-04-01 09:51:50 index=web url=http://phish-apt.com
timestamp=2026-04-01 09:51:55 index=web url=http://phish-apt.com
timestamp=2026-04-01 09:52:00 index=web url=http://phish-apt.com
timestamp=2026-04-01 09:52:05 index=web url=http://phish-apt.com
timestamp=2026-04-01 09:52:10 index=web url=http://phish-apt.com
timestamp=2026-04-01 09:52:15 index=web url=http://phish-apt.com
timestamp=2026-04-01 09:52:20 index=web url=http://phish-apt.com
timestamp=2026-04-01 09:52:25 index=web url=http://phish-apt.com
timestamp=2026-04-01 09:52:30 index=web url=http://phish-apt.com
timestamp=2026-04-01 09:52:35 index=web url=http://phish-apt.com
timestamp=2026-04-01 09:52:40 index=web url=http://phish-apt.com
timestamp=2026-04-01 09:52:45 index=web url=http://phish-apt.com
timestamp=2026-04-01 09:52:50 index=web url=http://phish-apt.com
timestamp=2026-04-01 09:52:55 index=web url=http://phish-apt.com
timestamp=2026-04-01 09:53:00 index=web url=http://phish-apt.com
timestamp=2026-04-01 09:53:05 index=web url=http://phish-apt.com
timestamp=2026-04-01 09:53:10 index=web url=http://phish-apt.com
timestamp=2026-04-01 09:53:15 index=web url=http://phish-apt.com
timestamp=2026-04-01 09:53:20 index=web url=http://phish-apt.com
timestamp=2026-04-01 09:53:25 index=web url=http://phish-apt.com
timestamp=2026-04-01 09:53:30 index=web url=http://phish-apt.com
timestamp=2026-04-01 09:53:35 index=web url=http://phish-apt.com
timestamp=2026-04-01 09:53:40 index=web url=http://phish-apt.com
timestamp=2026-04-01 09:53:45 index=web url=http://phish-apt.com
timestamp=2026-04-01 09:53:50 index=web url=http://phish-apt.com
timestamp=2026-04-01 09:53:55 index=web url=http://phish-apt.com
timestamp=2026-04-01 09:54:00 index=web url=http://phish-apt.com
timestamp=2026-04-01 09:54:05 index=web url=http://phish-apt.com
timestamp=2026-04-01 09:54:10 index=web url=http://phish-apt.com
timestamp=2026-04-01 09:54:15 index=web url=http://phish-apt.com
timestamp=2026-04-01 09:54:20 index=web url=http://phish-apt.com
timestamp=2026-04-01 09:54:25 index=web url=http://phish-apt.com
timestamp=2026-04-01 09:54:30 index=web url=http://phish-apt.com
timestamp=2026-04-01 09:54:35 index=web url=http://phish-apt.com
timestamp=2026-04-01 09:54:40 index=web url=http://phish-apt.com
timestamp=2026-04-01 09:54:45 index=web url=http://phish-apt.com
timestamp=2026-04-01 09:54:50 index=web url=http://phish-apt.com
timestamp=2026-04-01 09:54:55 index=web url=http://phish-apt.com
timestamp=2026-04-01 09:55:00 index=web url=http://phish-apt.com
timestamp=2026-04-01 09:55:05 index=web url=http://phish-apt.com
timestamp=2026-04-01 09:55:10 index=web url=http://phish-apt.com
timestamp=2026-04-01 09:55:15 index=web url=http://phish-apt.com
timestamp=2026-04-01 09:55:20 index=web url=http://phish-apt.com
timestamp=2026-04-01 09:55:25 index=web url=http://phish-apt.com
timestamp=2026-04-01 09:55:30 index=web url=http://phish-apt.com
timestamp=2026-04-01 09:55:35 index=web url=http://phish-apt.com
timestamp=2026-04-01 09:55:40 index=web url=http://phish-apt.com
timestamp=2026-04-01 09:55:45 index=web url=http://phish-apt.com
timestamp=2026-04-01 09:55:50 index=web url=http://phish-apt.com
timestamp=2026-04-01 09:55:55 index=web url=http://phish-apt.com
timestamp=2026-04-01 09:56:00 index=web url=http://phish-apt.com
timestamp=2026-04-01 09:56:05 index=web url=http://phish-apt.com
timestamp=2026-04-01 09:56:10 index=web url=http://phish-apt.com
timestamp=2026-04-01 09:56:15 index=web url=http://phish-apt.com
timestamp=2026-04-01 09:56:20 index=web url=http://phish-apt.com
timestamp=2026-04-01 09:56:25 index=web url=http://phish-apt.com
timestamp=2026-04-01 09:56:30 index=web url=http://phish-apt.com
timestamp=2026-04-01 09:56:35 index=web url=http://phish-apt.com